MSP430 Assembler PC v21.6.1 Sat May  6 13:39:36 2023

Copyright (c) 2003-2018 Texas Instruments Incorporated
main.asm                                                             PAGE    1

       1            ;******************************************************************************
       2            ;* MSP430 G3 C/C++ Codegen                                              PC v21.6.1.LTS *
       3            ;* Date/Time created: Sat May  6 13:39:36 2023                                *
       4            ;******************************************************************************
       5                    .compiler_opts --abi=eabi --diag_wrap=off --hll_source=on --mem_model:code=small --mem_model:d
       6            
       7            $C$DW$CU        .dwtag  DW_TAG_compile_unit
       8                    .dwattr $C$DW$CU, DW_AT_name("../main.c")
       9                    .dwattr $C$DW$CU, DW_AT_producer("TI MSP430 G3 C/C++ Codegen PC v21.6.1.LTS Copyright (c) 2003
      10                    .dwattr $C$DW$CU, DW_AT_TI_version(0x01)
      11                    .dwattr $C$DW$CU, DW_AT_comp_dir("D:\source\ccs\EED3018_Group6_lab1\Debug")
      12            $C$DW$1 .dwtag  DW_TAG_variable
      13                    .dwattr $C$DW$1, DW_AT_name("P1IN")
      14                    .dwattr $C$DW$1, DW_AT_TI_symbol_name("P1IN")
      15                    .dwattr $C$DW$1, DW_AT_type(*$C$DW$T$21)
      16                    .dwattr $C$DW$1, DW_AT_declaration
      17                    .dwattr $C$DW$1, DW_AT_external
      18                    .dwattr $C$DW$1, DW_AT_decl_file("D:/programHDD/TI/ccs1220/ccs/ccs_base/msp430/include/msp430g
      19                    .dwattr $C$DW$1, DW_AT_decl_line(0x1ce)
      20                    .dwattr $C$DW$1, DW_AT_decl_column(0x01)
      21            
      22            $C$DW$2 .dwtag  DW_TAG_variable
      23                    .dwattr $C$DW$2, DW_AT_name("P1OUT")
      24                    .dwattr $C$DW$2, DW_AT_TI_symbol_name("P1OUT")
      25                    .dwattr $C$DW$2, DW_AT_type(*$C$DW$T$21)
      26                    .dwattr $C$DW$2, DW_AT_declaration
      27                    .dwattr $C$DW$2, DW_AT_external
      28                    .dwattr $C$DW$2, DW_AT_decl_file("D:/programHDD/TI/ccs1220/ccs/ccs_base/msp430/include/msp430g
      29                    .dwattr $C$DW$2, DW_AT_decl_line(0x1cf)
      30                    .dwattr $C$DW$2, DW_AT_decl_column(0x01)
      31            
      32            $C$DW$3 .dwtag  DW_TAG_variable
      33                    .dwattr $C$DW$3, DW_AT_name("P1DIR")
      34                    .dwattr $C$DW$3, DW_AT_TI_symbol_name("P1DIR")
      35                    .dwattr $C$DW$3, DW_AT_type(*$C$DW$T$21)
      36                    .dwattr $C$DW$3, DW_AT_declaration
      37                    .dwattr $C$DW$3, DW_AT_external
      38                    .dwattr $C$DW$3, DW_AT_decl_file("D:/programHDD/TI/ccs1220/ccs/ccs_base/msp430/include/msp430g
      39                    .dwattr $C$DW$3, DW_AT_decl_line(0x1d0)
      40                    .dwattr $C$DW$3, DW_AT_decl_column(0x01)
      41            
      42            $C$DW$4 .dwtag  DW_TAG_variable
      43                    .dwattr $C$DW$4, DW_AT_name("P1REN")
      44                    .dwattr $C$DW$4, DW_AT_TI_symbol_name("P1REN")
      45                    .dwattr $C$DW$4, DW_AT_type(*$C$DW$T$21)
      46                    .dwattr $C$DW$4, DW_AT_declaration
      47                    .dwattr $C$DW$4, DW_AT_external
      48                    .dwattr $C$DW$4, DW_AT_decl_file("D:/programHDD/TI/ccs1220/ccs/ccs_base/msp430/include/msp430g
      49                    .dwattr $C$DW$4, DW_AT_decl_line(0x1d6)
      50                    .dwattr $C$DW$4, DW_AT_decl_column(0x01)
      51            
      52            $C$DW$5 .dwtag  DW_TAG_variable
      53                    .dwattr $C$DW$5, DW_AT_name("WDTCTL")
      54                    .dwattr $C$DW$5, DW_AT_TI_symbol_name("WDTCTL")
      55                    .dwattr $C$DW$5, DW_AT_type(*$C$DW$T$23)
MSP430 Assembler PC v21.6.1 Sat May  6 13:39:36 2023

Copyright (c) 2003-2018 Texas Instruments Incorporated
main.asm                                                             PAGE    2

      56                    .dwattr $C$DW$5, DW_AT_declaration
      57                    .dwattr $C$DW$5, DW_AT_external
      58                    .dwattr $C$DW$5, DW_AT_decl_file("D:/programHDD/TI/ccs1220/ccs/ccs_base/msp430/include/msp430g
      59                    .dwattr $C$DW$5, DW_AT_decl_line(0x343)
      60                    .dwattr $C$DW$5, DW_AT_decl_column(0x01)
      61            
      62            ;       D:\programHDD\TI\ccs1220\ccs\tools\compiler\ti-cgt-msp430_21.6.1.LTS\bin\opt430.exe C:\\Users\
      63 000000               .sect   ".text:task"
      64                    .clink
      65                    .global task
      66            
      67            $C$DW$6 .dwtag  DW_TAG_subprogram
      68                    .dwattr $C$DW$6, DW_AT_name("task")
      69                    .dwattr $C$DW$6, DW_AT_low_pc(task)
      70                    .dwattr $C$DW$6, DW_AT_high_pc(0x00)
      71                    .dwattr $C$DW$6, DW_AT_TI_symbol_name("task")
      72                    .dwattr $C$DW$6, DW_AT_external
      73                    .dwattr $C$DW$6, DW_AT_TI_begin_file("../main.c")
      74                    .dwattr $C$DW$6, DW_AT_TI_begin_line(0x0b)
      75                    .dwattr $C$DW$6, DW_AT_TI_begin_column(0x06)
      76                    .dwattr $C$DW$6, DW_AT_decl_file("../main.c")
      77                    .dwattr $C$DW$6, DW_AT_decl_line(0x0b)
      78                    .dwattr $C$DW$6, DW_AT_decl_column(0x06)
      79                    .dwattr $C$DW$6, DW_AT_TI_max_frame_size(0x02)
      80                    .dwpsn  file "../main.c",line 12,column 1,is_stmt,address task,isa 0
      81            
      82                    .dwfde $C$DW$CIE, task
      83            
      84            ;*****************************************************************************
      85            ;* FUNCTION NAME: task                                                       *
      86            ;*                                                                           *
      87            ;*   Regs Modified     : SP,SR                                               *
      88            ;*   Regs Used         : SP,SR                                               *
      89            ;*   Local Frame Size  : 0 Args + 0 Auto + 0 Save = 0 byte                   *
      90            ;*****************************************************************************
      91 000000       task:
      92            ;* --------------------------------------------------------------------------*
      93                    .dwcfi  cfa_offset, 2
      94                    .dwcfi  save_reg_to_mem, 16, -2
      95                    .dwpsn  file "../main.c",line 47,column 5,is_stmt,isa 0
      96 000000 B2F2          BIT.B     #8,&P1IN+0            ; [] |47| 
         000002 0000!
      97 000004 2006          JNE       $C$L1                 ; [] |47| 
      98                                                      ; [] |47| 
      99            ;* --------------------------------------------------------------------------*
     100                    .dwpsn  file "../main.c",line 54,column 9,is_stmt,isa 0
     101 000006 D3D2          OR.B      #1,&P1OUT+0           ; [] |54| 
         000008 0000!
     102                    .dwpsn  file "../main.c",line 55,column 9,is_stmt,isa 0
     103 00000a F0F2          AND.B     #191,&P1OUT+0         ; [] |55| 
         00000c 00BF 
         00000e 0000!
     104 000010 3C05          JMP       $C$L2                 ; [] |55| 
     105                                                      ; [] |55| 
     106            ;* --------------------------------------------------------------------------*
MSP430 Assembler PC v21.6.1 Sat May  6 13:39:36 2023

Copyright (c) 2003-2018 Texas Instruments Incorporated
main.asm                                                             PAGE    3

     107 000012       $C$L1:    
     108                    .dwpsn  file "../main.c",line 49,column 9,is_stmt,isa 0
     109 000012 C3D2          BIC.B     #1,&P1OUT+0           ; [] |49| 
         000014 0000!
     110                    .dwpsn  file "../main.c",line 50,column 9,is_stmt,isa 0
     111 000016 D0F2          OR.B      #64,&P1OUT+0          ; [] |50| 
         000018 0040 
         00001a 0000!
     112            ;* --------------------------------------------------------------------------*
     113 00001c       $C$L2:    
     114                    .dwpsn  file "../main.c",line 60,column 1,is_stmt,isa 0
     115            $C$DW$7 .dwtag  DW_TAG_TI_branch
     116                    .dwattr $C$DW$7, DW_AT_low_pc(0x00)
     117                    .dwattr $C$DW$7, DW_AT_TI_return
     118            
     119 00001c 4130          RET       ; [] 
     120                    ; [] 
     121                    .dwattr $C$DW$6, DW_AT_TI_end_file("../main.c")
     122                    .dwattr $C$DW$6, DW_AT_TI_end_line(0x3c)
     123                    .dwattr $C$DW$6, DW_AT_TI_end_column(0x01)
     124                    .dwendentry
     125                    .dwendtag $C$DW$6
     126            
     127 000000               .sect   ".text:configure_pins"
     128                    .clink
     129                    .global configure_pins
     130            
     131            $C$DW$8 .dwtag  DW_TAG_subprogram
     132                    .dwattr $C$DW$8, DW_AT_name("configure_pins")
     133                    .dwattr $C$DW$8, DW_AT_low_pc(configure_pins)
     134                    .dwattr $C$DW$8, DW_AT_high_pc(0x00)
     135                    .dwattr $C$DW$8, DW_AT_TI_symbol_name("configure_pins")
     136                    .dwattr $C$DW$8, DW_AT_external
     137                    .dwattr $C$DW$8, DW_AT_TI_begin_file("../main.c")
     138                    .dwattr $C$DW$8, DW_AT_TI_begin_line(0x3e)
     139                    .dwattr $C$DW$8, DW_AT_TI_begin_column(0x06)
     140                    .dwattr $C$DW$8, DW_AT_decl_file("../main.c")
     141                    .dwattr $C$DW$8, DW_AT_decl_line(0x3e)
     142                    .dwattr $C$DW$8, DW_AT_decl_column(0x06)
     143                    .dwattr $C$DW$8, DW_AT_TI_max_frame_size(0x02)
     144                    .dwpsn  file "../main.c",line 63,column 1,is_stmt,address configure_pins,isa 0
     145            
     146                    .dwfde $C$DW$CIE, configure_pins
     147            
     148            ;*****************************************************************************
     149            ;* FUNCTION NAME: configure_pins                                             *
     150            ;*                                                                           *
     151            ;*   Regs Modified     : SP                                                  *
     152            ;*   Regs Used         : SP                                                  *
     153            ;*   Local Frame Size  : 0 Args + 0 Auto + 0 Save = 0 byte                   *
     154            ;*****************************************************************************
     155 000000       configure_pins:
     156            ;* --------------------------------------------------------------------------*
     157                    .dwcfi  cfa_offset, 2
     158                    .dwcfi  save_reg_to_mem, 16, -2
MSP430 Assembler PC v21.6.1 Sat May  6 13:39:36 2023

Copyright (c) 2003-2018 Texas Instruments Incorporated
main.asm                                                             PAGE    4

     159                    .dwpsn  file "../main.c",line 64,column 5,is_stmt,isa 0
     160 000000 D0F2          OR.B      #65,&P1DIR+0          ; [] |64| 
         000002 0041 
         000004 0000!
     161                    .dwpsn  file "../main.c",line 65,column 5,is_stmt,isa 0
     162 000006 43C2          MOV.B     #0,&P1OUT+0           ; [] |65| 
         000008 0000!
     163                    .dwpsn  file "../main.c",line 67,column 5,is_stmt,isa 0
     164 00000a C2F2          BIC.B     #8,&P1DIR+0           ; [] |67| 
         00000c 0000!
     165                    .dwpsn  file "../main.c",line 68,column 5,is_stmt,isa 0
     166 00000e D2F2          OR.B      #8,&P1REN+0           ; [] |68| 
         000010 0000!
     167                    .dwpsn  file "../main.c",line 69,column 5,is_stmt,isa 0
     168 000012 D2F2          OR.B      #8,&P1OUT+0           ; [] |69| 
         000014 0000!
     169                    .dwpsn  file "../main.c",line 70,column 1,is_stmt,isa 0
     170            $C$DW$9 .dwtag  DW_TAG_TI_branch
     171                    .dwattr $C$DW$9, DW_AT_low_pc(0x00)
     172                    .dwattr $C$DW$9, DW_AT_TI_return
     173            
     174 000016 4130          RET       ; [] 
     175                    ; [] 
     176                    .dwattr $C$DW$8, DW_AT_TI_end_file("../main.c")
     177                    .dwattr $C$DW$8, DW_AT_TI_end_line(0x46)
     178                    .dwattr $C$DW$8, DW_AT_TI_end_column(0x01)
     179                    .dwendentry
     180                    .dwendtag $C$DW$8
     181            
     182 000000               .sect   ".text:main"
     183                    .clink
     184                    .global main
     185            
     186            $C$DW$10        .dwtag  DW_TAG_subprogram
     187                    .dwattr $C$DW$10, DW_AT_name("main")
     188                    .dwattr $C$DW$10, DW_AT_low_pc(main)
     189                    .dwattr $C$DW$10, DW_AT_high_pc(0x00)
     190                    .dwattr $C$DW$10, DW_AT_TI_symbol_name("main")
     191                    .dwattr $C$DW$10, DW_AT_external
     192                    .dwattr $C$DW$10, DW_AT_type(*$C$DW$T$10)
     193                    .dwattr $C$DW$10, DW_AT_TI_begin_file("../main.c")
     194                    .dwattr $C$DW$10, DW_AT_TI_begin_line(0x4b)
     195                    .dwattr $C$DW$10, DW_AT_TI_begin_column(0x05)
     196                    .dwattr $C$DW$10, DW_AT_decl_file("../main.c")
     197                    .dwattr $C$DW$10, DW_AT_decl_line(0x4b)
     198                    .dwattr $C$DW$10, DW_AT_decl_column(0x05)
     199                    .dwattr $C$DW$10, DW_AT_TI_max_frame_size(0x02)
     200                    .dwpsn  file "../main.c",line 76,column 1,is_stmt,address main,isa 0
     201            
     202                    .dwfde $C$DW$CIE, main
     203            
     204            ;*****************************************************************************
     205            ;* FUNCTION NAME: main                                                       *
     206            ;*                                                                           *
     207            ;*   Regs Modified     : SR                                                  *
MSP430 Assembler PC v21.6.1 Sat May  6 13:39:36 2023

Copyright (c) 2003-2018 Texas Instruments Incorporated
main.asm                                                             PAGE    5

     208            ;*   Regs Used         : SR                                                  *
     209            ;*   Local Frame Size  : 0 Args + 0 Auto + 0 Save = 0 byte                   *
     210            ;*****************************************************************************
     211 000000       main:
     212            ;* --------------------------------------------------------------------------*
     213                    .dwcfi  cfa_offset, 2
     214                    .dwcfi  save_reg_to_mem, 16, -2
     215                    .dwpsn  file "../main.c",line 77,column 2,is_stmt,isa 0
     216 000000 40B2          MOV.W     #23168,&WDTCTL+0      ; [] |77| 
         000002 5A80 
         000004 0000!
     217                    .dwpsn  file "../main.c",line 79,column 2,is_stmt,isa 0
     218            $C$DW$11        .dwtag  DW_TAG_TI_branch
     219                    .dwattr $C$DW$11, DW_AT_low_pc(0x00)
     220                    .dwattr $C$DW$11, DW_AT_name("configure_pins")
     221                    .dwattr $C$DW$11, DW_AT_TI_call
     222            
     223 000006 12B0          CALL      #configure_pins       ; [] |79| 
         000008 0000!
     224                                                      ; [] |79| 
     225            ;* --------------------------------------------------------------------------*
     226            ;*   BEGIN LOOP $C$L3
     227            ;*
     228            ;*   Loop source line                : 82
     229            ;*   Loop closing brace source line  : 85
     230            ;*   Known Minimum Trip Count        : 1
     231            ;*   Known Maximum Trip Count        : 4294967295
     232            ;*   Known Max Trip Count Factor     : 1
     233            ;* --------------------------------------------------------------------------*
     234 00000a       $C$L3:    
     235                    .dwpsn  file "../main.c",line 84,column 6,is_stmt,isa 0
     236            $C$DW$12        .dwtag  DW_TAG_TI_branch
     237                    .dwattr $C$DW$12, DW_AT_low_pc(0x00)
     238                    .dwattr $C$DW$12, DW_AT_name("task")
     239                    .dwattr $C$DW$12, DW_AT_TI_call
     240            
     241 00000a 12B0          CALL      #task                 ; [] |84| 
         00000c 0000!
     242                                                      ; [] |84| 
     243                    .dwpsn  file "../main.c",line 85,column 2,is_stmt,isa 0
     244 00000e 3FFD          JMP       $C$L3                 ; [] |85| 
     245                                                      ; [] |85| 
     246            ;* --------------------------------------------------------------------------*
     247                    .dwattr $C$DW$10, DW_AT_TI_end_file("../main.c")
     248                    .dwattr $C$DW$10, DW_AT_TI_end_line(0x59)
     249                    .dwattr $C$DW$10, DW_AT_TI_end_column(0x01)
     250                    .dwendentry
     251                    .dwendtag $C$DW$10
     252            
     253            ;*****************************************************************************
     254            ;* UNDEFINED EXTERNAL REFERENCES                                             *
     255            ;*****************************************************************************
     256                    .global P1IN
     257                    .global P1OUT
     258                    .global P1DIR
MSP430 Assembler PC v21.6.1 Sat May  6 13:39:36 2023

Copyright (c) 2003-2018 Texas Instruments Incorporated
main.asm                                                             PAGE    6

     259                    .global P1REN
     260                    .global WDTCTL
     261            
     262            ;******************************************************************************
     263            ;* BUILD ATTRIBUTES                                                           *
     264            ;******************************************************************************
     265                    .battr "TI", Tag_File, 1, Tag_LPM_INFO(1)
     266                    .battr "TI", Tag_File, 1, Tag_PORTS_INIT_INFO("012345678901ABCDEFGHIJ0111000000000000000000010
     267                    .battr "TI", Tag_File, 1, Tag_LEA_INFO(1)
     268                    .battr "TI", Tag_File, 1, Tag_HW_MPY32_INFO(1)
     269                    .battr "TI", Tag_File, 1, Tag_HW_MPY_ISR_INFO(1)
     270                    .battr "TI", Tag_File, 1, Tag_HW_MPY_INLINE_INFO(1)
     271                    .battr "mspabi", Tag_File, 1, Tag_enum_size(3)
     272            
     273            ;******************************************************************************
     274            ;* TYPE INFORMATION                                                           *
     275            ;******************************************************************************
     276            $C$DW$T$2       .dwtag  DW_TAG_unspecified_type
     277                    .dwattr $C$DW$T$2, DW_AT_name("void")
     278            
     279            $C$DW$T$4       .dwtag  DW_TAG_base_type
     280                    .dwattr $C$DW$T$4, DW_AT_encoding(DW_ATE_boolean)
     281                    .dwattr $C$DW$T$4, DW_AT_name("bool")
     282                    .dwattr $C$DW$T$4, DW_AT_byte_size(0x01)
     283            
     284            $C$DW$T$5       .dwtag  DW_TAG_base_type
     285                    .dwattr $C$DW$T$5, DW_AT_encoding(DW_ATE_signed_char)
     286                    .dwattr $C$DW$T$5, DW_AT_name("signed char")
     287                    .dwattr $C$DW$T$5, DW_AT_byte_size(0x01)
     288            
     289            $C$DW$T$6       .dwtag  DW_TAG_base_type
     290                    .dwattr $C$DW$T$6, DW_AT_encoding(DW_ATE_unsigned_char)
     291                    .dwattr $C$DW$T$6, DW_AT_name("unsigned char")
     292                    .dwattr $C$DW$T$6, DW_AT_byte_size(0x01)
     293            
     294            $C$DW$T$21      .dwtag  DW_TAG_volatile_type
     295                    .dwattr $C$DW$T$21, DW_AT_type(*$C$DW$T$6)
     296            
     297            $C$DW$T$7       .dwtag  DW_TAG_base_type
     298                    .dwattr $C$DW$T$7, DW_AT_encoding(DW_ATE_signed_char)
     299                    .dwattr $C$DW$T$7, DW_AT_name("wchar_t")
     300                    .dwattr $C$DW$T$7, DW_AT_byte_size(0x02)
     301            
     302            $C$DW$T$8       .dwtag  DW_TAG_base_type
     303                    .dwattr $C$DW$T$8, DW_AT_encoding(DW_ATE_signed)
     304                    .dwattr $C$DW$T$8, DW_AT_name("short")
     305                    .dwattr $C$DW$T$8, DW_AT_byte_size(0x02)
     306            
     307            $C$DW$T$9       .dwtag  DW_TAG_base_type
     308                    .dwattr $C$DW$T$9, DW_AT_encoding(DW_ATE_unsigned)
     309                    .dwattr $C$DW$T$9, DW_AT_name("unsigned short")
     310                    .dwattr $C$DW$T$9, DW_AT_byte_size(0x02)
     311            
     312            $C$DW$T$10      .dwtag  DW_TAG_base_type
     313                    .dwattr $C$DW$T$10, DW_AT_encoding(DW_ATE_signed)
MSP430 Assembler PC v21.6.1 Sat May  6 13:39:36 2023

Copyright (c) 2003-2018 Texas Instruments Incorporated
main.asm                                                             PAGE    7

     314                    .dwattr $C$DW$T$10, DW_AT_name("int")
     315                    .dwattr $C$DW$T$10, DW_AT_byte_size(0x02)
     316            
     317            $C$DW$T$11      .dwtag  DW_TAG_base_type
     318                    .dwattr $C$DW$T$11, DW_AT_encoding(DW_ATE_unsigned)
     319                    .dwattr $C$DW$T$11, DW_AT_name("unsigned int")
     320                    .dwattr $C$DW$T$11, DW_AT_byte_size(0x02)
     321            
     322            $C$DW$T$23      .dwtag  DW_TAG_volatile_type
     323                    .dwattr $C$DW$T$23, DW_AT_type(*$C$DW$T$11)
     324            
     325            $C$DW$T$12      .dwtag  DW_TAG_base_type
     326                    .dwattr $C$DW$T$12, DW_AT_encoding(DW_ATE_signed)
     327                    .dwattr $C$DW$T$12, DW_AT_name("long")
     328                    .dwattr $C$DW$T$12, DW_AT_byte_size(0x04)
     329            
     330            $C$DW$T$13      .dwtag  DW_TAG_base_type
     331                    .dwattr $C$DW$T$13, DW_AT_encoding(DW_ATE_unsigned)
     332                    .dwattr $C$DW$T$13, DW_AT_name("unsigned long")
     333                    .dwattr $C$DW$T$13, DW_AT_byte_size(0x04)
     334            
     335            $C$DW$T$14      .dwtag  DW_TAG_base_type
     336                    .dwattr $C$DW$T$14, DW_AT_encoding(DW_ATE_signed)
     337                    .dwattr $C$DW$T$14, DW_AT_name("long long")
     338                    .dwattr $C$DW$T$14, DW_AT_byte_size(0x08)
     339            
     340            $C$DW$T$15      .dwtag  DW_TAG_base_type
     341                    .dwattr $C$DW$T$15, DW_AT_encoding(DW_ATE_unsigned)
     342                    .dwattr $C$DW$T$15, DW_AT_name("unsigned long long")
     343                    .dwattr $C$DW$T$15, DW_AT_byte_size(0x08)
     344            
     345            $C$DW$T$16      .dwtag  DW_TAG_base_type
     346                    .dwattr $C$DW$T$16, DW_AT_encoding(DW_ATE_float)
     347                    .dwattr $C$DW$T$16, DW_AT_name("float")
     348                    .dwattr $C$DW$T$16, DW_AT_byte_size(0x04)
     349            
     350            $C$DW$T$17      .dwtag  DW_TAG_base_type
     351                    .dwattr $C$DW$T$17, DW_AT_encoding(DW_ATE_float)
     352                    .dwattr $C$DW$T$17, DW_AT_name("double")
     353                    .dwattr $C$DW$T$17, DW_AT_byte_size(0x08)
     354            
     355            $C$DW$T$18      .dwtag  DW_TAG_base_type
     356                    .dwattr $C$DW$T$18, DW_AT_encoding(DW_ATE_float)
     357                    .dwattr $C$DW$T$18, DW_AT_name("long double")
     358                    .dwattr $C$DW$T$18, DW_AT_byte_size(0x08)
     359            
     360                    .dwattr $C$DW$CU, DW_AT_language(DW_LANG_C)
     361            
     362            ;***************************************************************
     363            ;* DWARF CIE ENTRIES                                           *
     364            ;***************************************************************
     365            
     366            $C$DW$CIE       .dwcie 16
     367                    .dwcfi  cfa_register, 1
     368                    .dwcfi  cfa_offset, 0
MSP430 Assembler PC v21.6.1 Sat May  6 13:39:36 2023

Copyright (c) 2003-2018 Texas Instruments Incorporated
main.asm                                                             PAGE    8

     369                    .dwcfi  same_value, 0
     370                    .dwcfi  same_value, 1
     371                    .dwcfi  same_value, 3
     372                    .dwcfi  same_value, 4
     373                    .dwcfi  same_value, 5
     374                    .dwcfi  same_value, 6
     375                    .dwcfi  same_value, 7
     376                    .dwcfi  same_value, 8
     377                    .dwcfi  same_value, 9
     378                    .dwcfi  same_value, 10
     379                    .dwendentry
     380            
     381            ;***************************************************************
     382            ;* DWARF REGISTER MAP                                          *
     383            ;***************************************************************
     384            
     385            $C$DW$13        .dwtag  DW_TAG_TI_assign_register
     386                    .dwattr $C$DW$13, DW_AT_name("PC")
     387                    .dwattr $C$DW$13, DW_AT_location[DW_OP_reg0]
     388            
     389            $C$DW$14        .dwtag  DW_TAG_TI_assign_register
     390                    .dwattr $C$DW$14, DW_AT_name("SP")
     391                    .dwattr $C$DW$14, DW_AT_location[DW_OP_reg1]
     392            
     393            $C$DW$15        .dwtag  DW_TAG_TI_assign_register
     394                    .dwattr $C$DW$15, DW_AT_name("SR")
     395                    .dwattr $C$DW$15, DW_AT_location[DW_OP_reg2]
     396            
     397            $C$DW$16        .dwtag  DW_TAG_TI_assign_register
     398                    .dwattr $C$DW$16, DW_AT_name("CG")
     399                    .dwattr $C$DW$16, DW_AT_location[DW_OP_reg3]
     400            
     401            $C$DW$17        .dwtag  DW_TAG_TI_assign_register
     402                    .dwattr $C$DW$17, DW_AT_name("r4")
     403                    .dwattr $C$DW$17, DW_AT_location[DW_OP_reg4]
     404            
     405            $C$DW$18        .dwtag  DW_TAG_TI_assign_register
     406                    .dwattr $C$DW$18, DW_AT_name("r5")
     407                    .dwattr $C$DW$18, DW_AT_location[DW_OP_reg5]
     408            
     409            $C$DW$19        .dwtag  DW_TAG_TI_assign_register
     410                    .dwattr $C$DW$19, DW_AT_name("r6")
     411                    .dwattr $C$DW$19, DW_AT_location[DW_OP_reg6]
     412            
     413            $C$DW$20        .dwtag  DW_TAG_TI_assign_register
     414                    .dwattr $C$DW$20, DW_AT_name("r7")
     415                    .dwattr $C$DW$20, DW_AT_location[DW_OP_reg7]
     416            
     417            $C$DW$21        .dwtag  DW_TAG_TI_assign_register
     418                    .dwattr $C$DW$21, DW_AT_name("r8")
     419                    .dwattr $C$DW$21, DW_AT_location[DW_OP_reg8]
     420            
     421            $C$DW$22        .dwtag  DW_TAG_TI_assign_register
     422                    .dwattr $C$DW$22, DW_AT_name("r9")
     423                    .dwattr $C$DW$22, DW_AT_location[DW_OP_reg9]
MSP430 Assembler PC v21.6.1 Sat May  6 13:39:36 2023

Copyright (c) 2003-2018 Texas Instruments Incorporated
main.asm                                                             PAGE    9

     424            
     425            $C$DW$23        .dwtag  DW_TAG_TI_assign_register
     426                    .dwattr $C$DW$23, DW_AT_name("r10")
     427                    .dwattr $C$DW$23, DW_AT_location[DW_OP_reg10]
     428            
     429            $C$DW$24        .dwtag  DW_TAG_TI_assign_register
     430                    .dwattr $C$DW$24, DW_AT_name("r11")
     431                    .dwattr $C$DW$24, DW_AT_location[DW_OP_reg11]
     432            
     433            $C$DW$25        .dwtag  DW_TAG_TI_assign_register
     434                    .dwattr $C$DW$25, DW_AT_name("r12")
     435                    .dwattr $C$DW$25, DW_AT_location[DW_OP_reg12]
     436            
     437            $C$DW$26        .dwtag  DW_TAG_TI_assign_register
     438                    .dwattr $C$DW$26, DW_AT_name("r13")
     439                    .dwattr $C$DW$26, DW_AT_location[DW_OP_reg13]
     440            
     441            $C$DW$27        .dwtag  DW_TAG_TI_assign_register
     442                    .dwattr $C$DW$27, DW_AT_name("r14")
     443                    .dwattr $C$DW$27, DW_AT_location[DW_OP_reg14]
     444            
     445            $C$DW$28        .dwtag  DW_TAG_TI_assign_register
     446                    .dwattr $C$DW$28, DW_AT_name("r15")
     447                    .dwattr $C$DW$28, DW_AT_location[DW_OP_reg15]
     448            
     449            $C$DW$29        .dwtag  DW_TAG_TI_assign_register
     450                    .dwattr $C$DW$29, DW_AT_name("CIE_RETA")
     451                    .dwattr $C$DW$29, DW_AT_location[DW_OP_reg16]
     452            
     453                    .dwendtag $C$DW$CU
     454            

No Assembly Errors, No Assembly Warnings
