MSP430 Assembler PC v21.6.1 Wed May 31 11:06:39 2023

Copyright (c) 2003-2018 Texas Instruments Incorporated
main.asm                                                             PAGE    1

       1            ;******************************************************************************
       2            ;* MSP430 G3 C/C++ Codegen                                              PC v21.6.1.LTS *
       3            ;* Date/Time created: Wed May 31 11:06:39 2023                                *
       4            ;******************************************************************************
       5                    .compiler_opts --abi=eabi --diag_wrap=off --hll_source=on --mem_model:code=small --mem_model:d
       6            
       7            $C$DW$CU        .dwtag  DW_TAG_compile_unit
       8                    .dwattr $C$DW$CU, DW_AT_name("../main.c")
       9                    .dwattr $C$DW$CU, DW_AT_producer("TI MSP430 G3 C/C++ Codegen PC v21.6.1.LTS Copyright (c) 2003
      10                    .dwattr $C$DW$CU, DW_AT_TI_version(0x01)
      11                    .dwattr $C$DW$CU, DW_AT_comp_dir("D:\source\ccs\EED3018_Group6_lab7\Debug")
      12            ;       Interrupt vector table mappings
      13 000000               .intvec ".int08",       timer
         000000       
      14            $C$DW$1 .dwtag  DW_TAG_variable
      15                    .dwattr $C$DW$1, DW_AT_name("ADC10AE0")
      16                    .dwattr $C$DW$1, DW_AT_TI_symbol_name("ADC10AE0")
      17                    .dwattr $C$DW$1, DW_AT_type(*$C$DW$T$22)
      18                    .dwattr $C$DW$1, DW_AT_declaration
      19                    .dwattr $C$DW$1, DW_AT_external
      20                    .dwattr $C$DW$1, DW_AT_decl_file("D:\programHDD\TI\ccs1220\ccs\ccs_base\msp430\include\msp430g
      21                    .dwattr $C$DW$1, DW_AT_decl_line(0xb2)
      22                    .dwattr $C$DW$1, DW_AT_decl_column(0x01)
      23            
      24            $C$DW$2 .dwtag  DW_TAG_variable
      25                    .dwattr $C$DW$2, DW_AT_name("ADC10CTL0")
      26                    .dwattr $C$DW$2, DW_AT_TI_symbol_name("ADC10CTL0")
      27                    .dwattr $C$DW$2, DW_AT_type(*$C$DW$T$25)
      28                    .dwattr $C$DW$2, DW_AT_declaration
      29                    .dwattr $C$DW$2, DW_AT_external
      30                    .dwattr $C$DW$2, DW_AT_decl_file("D:\programHDD\TI\ccs1220\ccs\ccs_base\msp430\include\msp430g
      31                    .dwattr $C$DW$2, DW_AT_decl_line(0xb4)
      32                    .dwattr $C$DW$2, DW_AT_decl_column(0x01)
      33            
      34            $C$DW$3 .dwtag  DW_TAG_variable
      35                    .dwattr $C$DW$3, DW_AT_name("ADC10CTL1")
      36                    .dwattr $C$DW$3, DW_AT_TI_symbol_name("ADC10CTL1")
      37                    .dwattr $C$DW$3, DW_AT_type(*$C$DW$T$25)
      38                    .dwattr $C$DW$3, DW_AT_declaration
      39                    .dwattr $C$DW$3, DW_AT_external
      40                    .dwattr $C$DW$3, DW_AT_decl_file("D:\programHDD\TI\ccs1220\ccs\ccs_base\msp430\include\msp430g
      41                    .dwattr $C$DW$3, DW_AT_decl_line(0xb5)
      42                    .dwattr $C$DW$3, DW_AT_decl_column(0x01)
      43            
      44            $C$DW$4 .dwtag  DW_TAG_variable
      45                    .dwattr $C$DW$4, DW_AT_name("ADC10MEM")
      46                    .dwattr $C$DW$4, DW_AT_TI_symbol_name("ADC10MEM")
      47                    .dwattr $C$DW$4, DW_AT_type(*$C$DW$T$25)
      48                    .dwattr $C$DW$4, DW_AT_declaration
      49                    .dwattr $C$DW$4, DW_AT_external
      50                    .dwattr $C$DW$4, DW_AT_decl_file("D:\programHDD\TI\ccs1220\ccs\ccs_base\msp430\include\msp430g
      51                    .dwattr $C$DW$4, DW_AT_decl_line(0xb6)
      52                    .dwattr $C$DW$4, DW_AT_decl_column(0x01)
      53            
      54            $C$DW$5 .dwtag  DW_TAG_variable
MSP430 Assembler PC v21.6.1 Wed May 31 11:06:39 2023

Copyright (c) 2003-2018 Texas Instruments Incorporated
main.asm                                                             PAGE    2

      55                    .dwattr $C$DW$5, DW_AT_name("DCOCTL")
      56                    .dwattr $C$DW$5, DW_AT_TI_symbol_name("DCOCTL")
      57                    .dwattr $C$DW$5, DW_AT_type(*$C$DW$T$22)
      58                    .dwattr $C$DW$5, DW_AT_declaration
      59                    .dwattr $C$DW$5, DW_AT_external
      60                    .dwattr $C$DW$5, DW_AT_decl_file("D:\programHDD\TI\ccs1220\ccs\ccs_base\msp430\include\msp430g
      61                    .dwattr $C$DW$5, DW_AT_decl_line(0x11f)
      62                    .dwattr $C$DW$5, DW_AT_decl_column(0x01)
      63            
      64            $C$DW$6 .dwtag  DW_TAG_variable
      65                    .dwattr $C$DW$6, DW_AT_name("BCSCTL1")
      66                    .dwattr $C$DW$6, DW_AT_TI_symbol_name("BCSCTL1")
      67                    .dwattr $C$DW$6, DW_AT_type(*$C$DW$T$22)
      68                    .dwattr $C$DW$6, DW_AT_declaration
      69                    .dwattr $C$DW$6, DW_AT_external
      70                    .dwattr $C$DW$6, DW_AT_decl_file("D:\programHDD\TI\ccs1220\ccs\ccs_base\msp430\include\msp430g
      71                    .dwattr $C$DW$6, DW_AT_decl_line(0x120)
      72                    .dwattr $C$DW$6, DW_AT_decl_column(0x01)
      73            
      74            $C$DW$7 .dwtag  DW_TAG_variable
      75                    .dwattr $C$DW$7, DW_AT_name("BCSCTL2")
      76                    .dwattr $C$DW$7, DW_AT_TI_symbol_name("BCSCTL2")
      77                    .dwattr $C$DW$7, DW_AT_type(*$C$DW$T$22)
      78                    .dwattr $C$DW$7, DW_AT_declaration
      79                    .dwattr $C$DW$7, DW_AT_external
      80                    .dwattr $C$DW$7, DW_AT_decl_file("D:\programHDD\TI\ccs1220\ccs\ccs_base\msp430\include\msp430g
      81                    .dwattr $C$DW$7, DW_AT_decl_line(0x121)
      82                    .dwattr $C$DW$7, DW_AT_decl_column(0x01)
      83            
      84            $C$DW$8 .dwtag  DW_TAG_variable
      85                    .dwattr $C$DW$8, DW_AT_name("P1DIR")
      86                    .dwattr $C$DW$8, DW_AT_TI_symbol_name("P1DIR")
      87                    .dwattr $C$DW$8, DW_AT_type(*$C$DW$T$22)
      88                    .dwattr $C$DW$8, DW_AT_declaration
      89                    .dwattr $C$DW$8, DW_AT_external
      90                    .dwattr $C$DW$8, DW_AT_decl_file("D:\programHDD\TI\ccs1220\ccs\ccs_base\msp430\include\msp430g
      91                    .dwattr $C$DW$8, DW_AT_decl_line(0x1d0)
      92                    .dwattr $C$DW$8, DW_AT_decl_column(0x01)
      93            
      94            $C$DW$9 .dwtag  DW_TAG_variable
      95                    .dwattr $C$DW$9, DW_AT_name("P1SEL")
      96                    .dwattr $C$DW$9, DW_AT_TI_symbol_name("P1SEL")
      97                    .dwattr $C$DW$9, DW_AT_type(*$C$DW$T$22)
      98                    .dwattr $C$DW$9, DW_AT_declaration
      99                    .dwattr $C$DW$9, DW_AT_external
     100                    .dwattr $C$DW$9, DW_AT_decl_file("D:\programHDD\TI\ccs1220\ccs\ccs_base\msp430\include\msp430g
     101                    .dwattr $C$DW$9, DW_AT_decl_line(0x1d4)
     102                    .dwattr $C$DW$9, DW_AT_decl_column(0x01)
     103            
     104            $C$DW$10        .dwtag  DW_TAG_variable
     105                    .dwattr $C$DW$10, DW_AT_name("TA0CTL")
     106                    .dwattr $C$DW$10, DW_AT_TI_symbol_name("TA0CTL")
     107                    .dwattr $C$DW$10, DW_AT_type(*$C$DW$T$25)
     108                    .dwattr $C$DW$10, DW_AT_declaration
     109                    .dwattr $C$DW$10, DW_AT_external
MSP430 Assembler PC v21.6.1 Wed May 31 11:06:39 2023

Copyright (c) 2003-2018 Texas Instruments Incorporated
main.asm                                                             PAGE    3

     110                    .dwattr $C$DW$10, DW_AT_decl_file("D:\programHDD\TI\ccs1220\ccs\ccs_base\msp430\include\msp430
     111                    .dwattr $C$DW$10, DW_AT_decl_line(0x1f7)
     112                    .dwattr $C$DW$10, DW_AT_decl_column(0x01)
     113            
     114            $C$DW$11        .dwtag  DW_TAG_variable
     115                    .dwattr $C$DW$11, DW_AT_name("TA0CCTL1")
     116                    .dwattr $C$DW$11, DW_AT_TI_symbol_name("TA0CCTL1")
     117                    .dwattr $C$DW$11, DW_AT_type(*$C$DW$T$25)
     118                    .dwattr $C$DW$11, DW_AT_declaration
     119                    .dwattr $C$DW$11, DW_AT_external
     120                    .dwattr $C$DW$11, DW_AT_decl_file("D:\programHDD\TI\ccs1220\ccs\ccs_base\msp430\include\msp430
     121                    .dwattr $C$DW$11, DW_AT_decl_line(0x1f9)
     122                    .dwattr $C$DW$11, DW_AT_decl_column(0x01)
     123            
     124            $C$DW$12        .dwtag  DW_TAG_variable
     125                    .dwattr $C$DW$12, DW_AT_name("TA0CCR0")
     126                    .dwattr $C$DW$12, DW_AT_TI_symbol_name("TA0CCR0")
     127                    .dwattr $C$DW$12, DW_AT_type(*$C$DW$T$25)
     128                    .dwattr $C$DW$12, DW_AT_declaration
     129                    .dwattr $C$DW$12, DW_AT_external
     130                    .dwattr $C$DW$12, DW_AT_decl_file("D:\programHDD\TI\ccs1220\ccs\ccs_base\msp430\include\msp430
     131                    .dwattr $C$DW$12, DW_AT_decl_line(0x1fc)
     132                    .dwattr $C$DW$12, DW_AT_decl_column(0x01)
     133            
     134            $C$DW$13        .dwtag  DW_TAG_variable
     135                    .dwattr $C$DW$13, DW_AT_name("TA0CCR1")
     136                    .dwattr $C$DW$13, DW_AT_TI_symbol_name("TA0CCR1")
     137                    .dwattr $C$DW$13, DW_AT_type(*$C$DW$T$25)
     138                    .dwattr $C$DW$13, DW_AT_declaration
     139                    .dwattr $C$DW$13, DW_AT_external
     140                    .dwattr $C$DW$13, DW_AT_decl_file("D:\programHDD\TI\ccs1220\ccs\ccs_base\msp430\include\msp430
     141                    .dwattr $C$DW$13, DW_AT_decl_line(0x1fd)
     142                    .dwattr $C$DW$13, DW_AT_decl_column(0x01)
     143            
     144            $C$DW$14        .dwtag  DW_TAG_variable
     145                    .dwattr $C$DW$14, DW_AT_name("WDTCTL")
     146                    .dwattr $C$DW$14, DW_AT_TI_symbol_name("WDTCTL")
     147                    .dwattr $C$DW$14, DW_AT_type(*$C$DW$T$25)
     148                    .dwattr $C$DW$14, DW_AT_declaration
     149                    .dwattr $C$DW$14, DW_AT_external
     150                    .dwattr $C$DW$14, DW_AT_decl_file("D:\programHDD\TI\ccs1220\ccs\ccs_base\msp430\include\msp430
     151                    .dwattr $C$DW$14, DW_AT_decl_line(0x343)
     152                    .dwattr $C$DW$14, DW_AT_decl_column(0x01)
     153            
     154            $C$DW$15        .dwtag  DW_TAG_variable
     155                    .dwattr $C$DW$15, DW_AT_name("CALDCO_1MHZ")
     156                    .dwattr $C$DW$15, DW_AT_TI_symbol_name("CALDCO_1MHZ")
     157                    .dwattr $C$DW$15, DW_AT_type(*$C$DW$T$22)
     158                    .dwattr $C$DW$15, DW_AT_declaration
     159                    .dwattr $C$DW$15, DW_AT_external
     160                    .dwattr $C$DW$15, DW_AT_decl_file("D:\programHDD\TI\ccs1220\ccs\ccs_base\msp430\include\msp430
     161                    .dwattr $C$DW$15, DW_AT_decl_line(0x378)
     162                    .dwattr $C$DW$15, DW_AT_decl_column(0x01)
     163            
     164            $C$DW$16        .dwtag  DW_TAG_variable
MSP430 Assembler PC v21.6.1 Wed May 31 11:06:39 2023

Copyright (c) 2003-2018 Texas Instruments Incorporated
main.asm                                                             PAGE    4

     165                    .dwattr $C$DW$16, DW_AT_name("CALBC1_1MHZ")
     166                    .dwattr $C$DW$16, DW_AT_TI_symbol_name("CALBC1_1MHZ")
     167                    .dwattr $C$DW$16, DW_AT_type(*$C$DW$T$22)
     168                    .dwattr $C$DW$16, DW_AT_declaration
     169                    .dwattr $C$DW$16, DW_AT_external
     170                    .dwattr $C$DW$16, DW_AT_decl_file("D:\programHDD\TI\ccs1220\ccs\ccs_base\msp430\include\msp430
     171                    .dwattr $C$DW$16, DW_AT_decl_line(0x379)
     172                    .dwattr $C$DW$16, DW_AT_decl_column(0x01)
     173            
     174            
     175            $C$DW$17        .dwtag  DW_TAG_subprogram
     176                    .dwattr $C$DW$17, DW_AT_name("__enable_interrupt")
     177                    .dwattr $C$DW$17, DW_AT_TI_symbol_name("__enable_interrupt")
     178                    .dwattr $C$DW$17, DW_AT_declaration
     179                    .dwattr $C$DW$17, DW_AT_external
     180                    .dwendtag $C$DW$17
     181            
     182            ;       D:\programHDD\TI\ccs1220\ccs\tools\compiler\ti-cgt-msp430_21.6.1.LTS\bin\opt430.exe C:\\Users\
     183 000000               .sect   ".text:timer"
     184                    .clink
     185                    .global timer
     186            
     187            $C$DW$18        .dwtag  DW_TAG_subprogram
     188                    .dwattr $C$DW$18, DW_AT_name("timer")
     189                    .dwattr $C$DW$18, DW_AT_low_pc(timer)
     190                    .dwattr $C$DW$18, DW_AT_high_pc(0x00)
     191                    .dwattr $C$DW$18, DW_AT_TI_symbol_name("timer")
     192                    .dwattr $C$DW$18, DW_AT_external
     193                    .dwattr $C$DW$18, DW_AT_TI_begin_file("../main.c")
     194                    .dwattr $C$DW$18, DW_AT_TI_begin_line(0x3a)
     195                    .dwattr $C$DW$18, DW_AT_TI_begin_column(0x12)
     196                    .dwattr $C$DW$18, DW_AT_decl_file("../main.c")
     197                    .dwattr $C$DW$18, DW_AT_decl_line(0x3a)
     198                    .dwattr $C$DW$18, DW_AT_decl_column(0x12)
     199                    .dwattr $C$DW$18, DW_AT_TI_interrupt
     200                    .dwattr $C$DW$18, DW_AT_TI_max_frame_size(0x04)
     201                    .dwpsn  file "../main.c",line 59,column 1,is_stmt,address timer,isa 0
     202            
     203                    .dwfde $C$DW$CIE, timer
     204            
     205            ;*****************************************************************************
     206            ;* FUNCTION NAME: timer                                                      *
     207            ;*                                                                           *
     208            ;*   Regs Modified     : SP,SR,r15                                           *
     209            ;*   Regs Used         : SP,SR,r15                                           *
     210            ;*   Local Frame Size  : 0 Args + 0 Auto + 2 Save = 2 byte                   *
     211            ;*****************************************************************************
     212 000000       timer:
     213            ;* --------------------------------------------------------------------------*
     214                    .dwcfi  cfa_offset, 2
     215                    .dwcfi  save_reg_to_mem, 16, -2
     216 000000 120F          PUSH.W    r15                   ; [] 
     217                    .dwcfi  cfa_offset, 4
     218                    .dwcfi  save_reg_to_mem, 15, -4
     219            ;* r15   assigned to converted
MSP430 Assembler PC v21.6.1 Wed May 31 11:06:39 2023

Copyright (c) 2003-2018 Texas Instruments Incorporated
main.asm                                                             PAGE    5

     220            $C$DW$19        .dwtag  DW_TAG_variable
     221                    .dwattr $C$DW$19, DW_AT_name("converted")
     222                    .dwattr $C$DW$19, DW_AT_TI_symbol_name("converted")
     223                    .dwattr $C$DW$19, DW_AT_type(*$C$DW$T$10)
     224                    .dwattr $C$DW$19, DW_AT_location[DW_OP_reg15]
     225            
     226            ;* r15   assigned to val
     227            $C$DW$20        .dwtag  DW_TAG_variable
     228                    .dwattr $C$DW$20, DW_AT_name("val")
     229                    .dwattr $C$DW$20, DW_AT_TI_symbol_name("val")
     230                    .dwattr $C$DW$20, DW_AT_type(*$C$DW$T$10)
     231                    .dwattr $C$DW$20, DW_AT_location[DW_OP_reg15]
     232            
     233                    .dwpsn  file "../main.c",line 60,column 5,is_stmt,isa 0
     234 000002 D0B2          OR.W      #3,&ADC10CTL0+0       ; [] |60| 
         000004 0003 
         000006 0000!
     235                    .dwpsn  file "../main.c",line 10,column 1,is_stmt,isa 0
     236 000008 421F          MOV.W     &ADC10MEM+0,r15       ; [] |10| 
         00000a 0000!
     237                    .dwpsn  file "../main.c",line 11,column 5,is_stmt,isa 0
     238 00000c 503F          ADD.W     #256,r15              ; [] |11| 
         00000e 0100 
     239 000010 5F0F          RLA.W     r15                   ; [] |11| 
     240                    .dwpsn  file "../main.c",line 65,column 5,is_stmt,isa 0
     241 000012 4F82          MOV.W     r15,&TA0CCR1+0        ; [] |65| 
         000014 0000!
     242                    .dwpsn  file "../main.c",line 66,column 5,is_stmt,isa 0
     243                    ; Begin 8192 cycle delay
     244                    .newblock
     245 000016 120D          PUSH     r13
     246 000018 403D          MOV.W    #2728, r13
         00001a 0AA8 
     247 00001c 831D  $1:     SUB.W    #1, r13
     248 00001e 23FE          JNE      $1
     249 000020 413D          POP      r13
     250 000022 4303          NOP
     251                    ; End 8192 cycle delay ; [] |66| 
     252                    .dwpsn  file "../main.c",line 67,column 1,is_stmt,isa 0
     253 000024 413F          POP       r15                   ; [] 
     254                    .dwcfi  restore_reg, 15
     255                    .dwcfi  cfa_offset, 2
     256            $C$DW$21        .dwtag  DW_TAG_TI_branch
     257                    .dwattr $C$DW$21, DW_AT_low_pc(0x00)
     258                    .dwattr $C$DW$21, DW_AT_TI_return
     259            
     260 000026 1300          RETI      ; [] 
     261                    ; [] 
     262                    .dwattr $C$DW$18, DW_AT_TI_end_file("../main.c")
     263                    .dwattr $C$DW$18, DW_AT_TI_end_line(0x43)
     264                    .dwattr $C$DW$18, DW_AT_TI_end_column(0x01)
     265                    .dwendentry
     266                    .dwendtag $C$DW$18
     267            
     268 000000               .sect   ".text:configure_clock"
MSP430 Assembler PC v21.6.1 Wed May 31 11:06:39 2023

Copyright (c) 2003-2018 Texas Instruments Incorporated
main.asm                                                             PAGE    6

     269                    .clink
     270                    .global configure_clock
     271            
     272            $C$DW$22        .dwtag  DW_TAG_subprogram
     273                    .dwattr $C$DW$22, DW_AT_name("configure_clock")
     274                    .dwattr $C$DW$22, DW_AT_low_pc(configure_clock)
     275                    .dwattr $C$DW$22, DW_AT_high_pc(0x00)
     276                    .dwattr $C$DW$22, DW_AT_TI_symbol_name("configure_clock")
     277                    .dwattr $C$DW$22, DW_AT_external
     278                    .dwattr $C$DW$22, DW_AT_TI_begin_file("../main.c")
     279                    .dwattr $C$DW$22, DW_AT_TI_begin_line(0x18)
     280                    .dwattr $C$DW$22, DW_AT_TI_begin_column(0x06)
     281                    .dwattr $C$DW$22, DW_AT_decl_file("../main.c")
     282                    .dwattr $C$DW$22, DW_AT_decl_line(0x18)
     283                    .dwattr $C$DW$22, DW_AT_decl_column(0x06)
     284                    .dwattr $C$DW$22, DW_AT_TI_max_frame_size(0x02)
     285                    .dwpsn  file "../main.c",line 25,column 1,is_stmt,address configure_clock,isa 0
     286            
     287                    .dwfde $C$DW$CIE, configure_clock
     288            
     289            ;*****************************************************************************
     290            ;* FUNCTION NAME: configure_clock                                            *
     291            ;*                                                                           *
     292            ;*   Regs Modified     : SP                                                  *
     293            ;*   Regs Used         : SP                                                  *
     294            ;*   Local Frame Size  : 0 Args + 0 Auto + 0 Save = 0 byte                   *
     295            ;*****************************************************************************
     296 000000       configure_clock:
     297            ;* --------------------------------------------------------------------------*
     298                    .dwcfi  cfa_offset, 2
     299                    .dwcfi  save_reg_to_mem, 16, -2
     300                    .dwpsn  file "../main.c",line 26,column 5,is_stmt,isa 0
     301 000000 42D2          MOV.B     &CALBC1_1MHZ+0,&BCSCTL1+0 ; [] |26| 
         000002 0000!
         000004 0000!
     302                    .dwpsn  file "../main.c",line 27,column 5,is_stmt,isa 0
     303 000006 42D2          MOV.B     &CALDCO_1MHZ+0,&DCOCTL+0 ; [] |27| 
         000008 0000!
         00000a 0000!
     304                    .dwpsn  file "../main.c",line 29,column 5,is_stmt,isa 0
     305 00000c 42D2          MOV.B     &BCSCTL2+0,&BCSCTL2+0 ; [] |29| 
         00000e 0000!
         000010 0000!
     306                    .dwpsn  file "../main.c",line 30,column 1,is_stmt,isa 0
     307            $C$DW$23        .dwtag  DW_TAG_TI_branch
     308                    .dwattr $C$DW$23, DW_AT_low_pc(0x00)
     309                    .dwattr $C$DW$23, DW_AT_TI_return
     310            
     311 000012 4130          RET       ; [] 
     312                    ; [] 
     313                    .dwattr $C$DW$22, DW_AT_TI_end_file("../main.c")
     314                    .dwattr $C$DW$22, DW_AT_TI_end_line(0x1e)
     315                    .dwattr $C$DW$22, DW_AT_TI_end_column(0x01)
     316                    .dwendentry
     317                    .dwendtag $C$DW$22
MSP430 Assembler PC v21.6.1 Wed May 31 11:06:39 2023

Copyright (c) 2003-2018 Texas Instruments Incorporated
main.asm                                                             PAGE    7

     318            
     319 000000               .sect   ".text:configure_timer"
     320                    .clink
     321                    .global configure_timer
     322            
     323            $C$DW$24        .dwtag  DW_TAG_subprogram
     324                    .dwattr $C$DW$24, DW_AT_name("configure_timer")
     325                    .dwattr $C$DW$24, DW_AT_low_pc(configure_timer)
     326                    .dwattr $C$DW$24, DW_AT_high_pc(0x00)
     327                    .dwattr $C$DW$24, DW_AT_TI_symbol_name("configure_timer")
     328                    .dwattr $C$DW$24, DW_AT_external
     329                    .dwattr $C$DW$24, DW_AT_TI_begin_file("../main.c")
     330                    .dwattr $C$DW$24, DW_AT_TI_begin_line(0x22)
     331                    .dwattr $C$DW$24, DW_AT_TI_begin_column(0x06)
     332                    .dwattr $C$DW$24, DW_AT_decl_file("../main.c")
     333                    .dwattr $C$DW$24, DW_AT_decl_line(0x22)
     334                    .dwattr $C$DW$24, DW_AT_decl_column(0x06)
     335                    .dwattr $C$DW$24, DW_AT_TI_max_frame_size(0x02)
     336                    .dwpsn  file "../main.c",line 35,column 1,is_stmt,address configure_timer,isa 0
     337            
     338                    .dwfde $C$DW$CIE, configure_timer
     339            
     340            ;*****************************************************************************
     341            ;* FUNCTION NAME: configure_timer                                            *
     342            ;*                                                                           *
     343            ;*   Regs Modified     : SP                                                  *
     344            ;*   Regs Used         : SP                                                  *
     345            ;*   Local Frame Size  : 0 Args + 0 Auto + 0 Save = 0 byte                   *
     346            ;*****************************************************************************
     347 000000       configure_timer:
     348            ;* --------------------------------------------------------------------------*
     349                    .dwcfi  cfa_offset, 2
     350                    .dwcfi  save_reg_to_mem, 16, -2
     351                    .dwpsn  file "../main.c",line 36,column 5,is_stmt,isa 0
     352 000000 40B2          MOV.W     #530,&TA0CTL+0        ; [] |36| 
         000002 0212 
         000004 0000!
     353                    .dwpsn  file "../main.c",line 39,column 5,is_stmt,isa 0
     354 000006 40B2          MOV.W     #4096,&TA0CCR0+0      ; [] |39| 
         000008 1000 
         00000a 0000!
     355                    .dwpsn  file "../main.c",line 40,column 5,is_stmt,isa 0
     356 00000c 40B2          MOV.W     #512,&TA0CCR1+0       ; [] |40| 
         00000e 0200 
         000010 0000!
     357                    .dwpsn  file "../main.c",line 42,column 5,is_stmt,isa 0
     358 000012 D0B2          OR.W      #224,&TA0CCTL1+0      ; [] |42| 
         000014 00E0 
         000016 0000!
     359                    .dwpsn  file "../main.c",line 43,column 1,is_stmt,isa 0
     360            $C$DW$25        .dwtag  DW_TAG_TI_branch
     361                    .dwattr $C$DW$25, DW_AT_low_pc(0x00)
     362                    .dwattr $C$DW$25, DW_AT_TI_return
     363            
     364 000018 4130          RET       ; [] 
MSP430 Assembler PC v21.6.1 Wed May 31 11:06:39 2023

Copyright (c) 2003-2018 Texas Instruments Incorporated
main.asm                                                             PAGE    8

     365                    ; [] 
     366                    .dwattr $C$DW$24, DW_AT_TI_end_file("../main.c")
     367                    .dwattr $C$DW$24, DW_AT_TI_end_line(0x2b)
     368                    .dwattr $C$DW$24, DW_AT_TI_end_column(0x01)
     369                    .dwendentry
     370                    .dwendtag $C$DW$24
     371            
     372 000000               .sect   ".text:configure_adc"
     373                    .clink
     374                    .global configure_adc
     375            
     376            $C$DW$26        .dwtag  DW_TAG_subprogram
     377                    .dwattr $C$DW$26, DW_AT_name("configure_adc")
     378                    .dwattr $C$DW$26, DW_AT_low_pc(configure_adc)
     379                    .dwattr $C$DW$26, DW_AT_high_pc(0x00)
     380                    .dwattr $C$DW$26, DW_AT_TI_symbol_name("configure_adc")
     381                    .dwattr $C$DW$26, DW_AT_external
     382                    .dwattr $C$DW$26, DW_AT_TI_begin_file("../main.c")
     383                    .dwattr $C$DW$26, DW_AT_TI_begin_line(0x2f)
     384                    .dwattr $C$DW$26, DW_AT_TI_begin_column(0x06)
     385                    .dwattr $C$DW$26, DW_AT_decl_file("../main.c")
     386                    .dwattr $C$DW$26, DW_AT_decl_line(0x2f)
     387                    .dwattr $C$DW$26, DW_AT_decl_column(0x06)
     388                    .dwattr $C$DW$26, DW_AT_TI_max_frame_size(0x02)
     389                    .dwpsn  file "../main.c",line 48,column 1,is_stmt,address configure_adc,isa 0
     390            
     391                    .dwfde $C$DW$CIE, configure_adc
     392            
     393            ;*****************************************************************************
     394            ;* FUNCTION NAME: configure_adc                                              *
     395            ;*                                                                           *
     396            ;*   Regs Modified     : SP                                                  *
     397            ;*   Regs Used         : SP                                                  *
     398            ;*   Local Frame Size  : 0 Args + 0 Auto + 0 Save = 0 byte                   *
     399            ;*****************************************************************************
     400 000000       configure_adc:
     401            ;* --------------------------------------------------------------------------*
     402                    .dwcfi  cfa_offset, 2
     403                    .dwcfi  save_reg_to_mem, 16, -2
     404                    .dwpsn  file "../main.c",line 49,column 5,is_stmt,isa 0
     405 000000 40B2          MOV.W     #4112,&ADC10CTL0+0    ; [] |49| 
         000002 1010 
         000004 0000!
     406                    .dwpsn  file "../main.c",line 51,column 5,is_stmt,isa 0
     407 000006 40B2          MOV.W     #12288,&ADC10CTL1+0   ; [] |51| 
         000008 3000 
         00000a 0000!
     408                    .dwpsn  file "../main.c",line 52,column 5,is_stmt,isa 0
     409 00000c D2F2          OR.B      #8,&ADC10AE0+0        ; [] |52| 
         00000e 0000!
     410                    .dwpsn  file "../main.c",line 53,column 1,is_stmt,isa 0
     411            $C$DW$27        .dwtag  DW_TAG_TI_branch
     412                    .dwattr $C$DW$27, DW_AT_low_pc(0x00)
     413                    .dwattr $C$DW$27, DW_AT_TI_return
     414            
MSP430 Assembler PC v21.6.1 Wed May 31 11:06:39 2023

Copyright (c) 2003-2018 Texas Instruments Incorporated
main.asm                                                             PAGE    9

     415 000010 4130          RET       ; [] 
     416                    ; [] 
     417                    .dwattr $C$DW$26, DW_AT_TI_end_file("../main.c")
     418                    .dwattr $C$DW$26, DW_AT_TI_end_line(0x35)
     419                    .dwattr $C$DW$26, DW_AT_TI_end_column(0x01)
     420                    .dwendentry
     421                    .dwendtag $C$DW$26
     422            
     423 000000               .sect   ".text:configure_pins"
     424                    .clink
     425                    .global configure_pins
     426            
     427            $C$DW$28        .dwtag  DW_TAG_subprogram
     428                    .dwattr $C$DW$28, DW_AT_name("configure_pins")
     429                    .dwattr $C$DW$28, DW_AT_low_pc(configure_pins)
     430                    .dwattr $C$DW$28, DW_AT_high_pc(0x00)
     431                    .dwattr $C$DW$28, DW_AT_TI_symbol_name("configure_pins")
     432                    .dwattr $C$DW$28, DW_AT_external
     433                    .dwattr $C$DW$28, DW_AT_TI_begin_file("../main.c")
     434                    .dwattr $C$DW$28, DW_AT_TI_begin_line(0x10)
     435                    .dwattr $C$DW$28, DW_AT_TI_begin_column(0x06)
     436                    .dwattr $C$DW$28, DW_AT_decl_file("../main.c")
     437                    .dwattr $C$DW$28, DW_AT_decl_line(0x10)
     438                    .dwattr $C$DW$28, DW_AT_decl_column(0x06)
     439                    .dwattr $C$DW$28, DW_AT_TI_max_frame_size(0x02)
     440                    .dwpsn  file "../main.c",line 17,column 1,is_stmt,address configure_pins,isa 0
     441            
     442                    .dwfde $C$DW$CIE, configure_pins
     443            
     444            ;*****************************************************************************
     445            ;* FUNCTION NAME: configure_pins                                             *
     446            ;*                                                                           *
     447            ;*   Regs Modified     : SP                                                  *
     448            ;*   Regs Used         : SP                                                  *
     449            ;*   Local Frame Size  : 0 Args + 0 Auto + 0 Save = 0 byte                   *
     450            ;*****************************************************************************
     451 000000       configure_pins:
     452            ;* --------------------------------------------------------------------------*
     453                    .dwcfi  cfa_offset, 2
     454                    .dwcfi  save_reg_to_mem, 16, -2
     455                    .dwpsn  file "../main.c",line 18,column 5,is_stmt,isa 0
     456 000000 D0F2          OR.B      #64,&P1DIR+0          ; [] |18| 
         000002 0040 
         000004 0000!
     457                    .dwpsn  file "../main.c",line 19,column 5,is_stmt,isa 0
     458 000006 D0F2          OR.B      #64,&P1SEL+0          ; [] |19| 
         000008 0040 
         00000a 0000!
     459                    .dwpsn  file "../main.c",line 20,column 1,is_stmt,isa 0
     460            $C$DW$29        .dwtag  DW_TAG_TI_branch
     461                    .dwattr $C$DW$29, DW_AT_low_pc(0x00)
     462                    .dwattr $C$DW$29, DW_AT_TI_return
     463            
     464 00000c 4130          RET       ; [] 
     465                    ; [] 
MSP430 Assembler PC v21.6.1 Wed May 31 11:06:39 2023

Copyright (c) 2003-2018 Texas Instruments Incorporated
main.asm                                                             PAGE   10

     466                    .dwattr $C$DW$28, DW_AT_TI_end_file("../main.c")
     467                    .dwattr $C$DW$28, DW_AT_TI_end_line(0x14)
     468                    .dwattr $C$DW$28, DW_AT_TI_end_column(0x01)
     469                    .dwendentry
     470                    .dwendtag $C$DW$28
     471            
     472 000000               .sect   ".text:main"
     473                    .clink
     474                    .global main
     475            
     476            $C$DW$30        .dwtag  DW_TAG_subprogram
     477                    .dwattr $C$DW$30, DW_AT_name("main")
     478                    .dwattr $C$DW$30, DW_AT_low_pc(main)
     479                    .dwattr $C$DW$30, DW_AT_high_pc(0x00)
     480                    .dwattr $C$DW$30, DW_AT_TI_symbol_name("main")
     481                    .dwattr $C$DW$30, DW_AT_external
     482                    .dwattr $C$DW$30, DW_AT_type(*$C$DW$T$10)
     483                    .dwattr $C$DW$30, DW_AT_TI_begin_file("../main.c")
     484                    .dwattr $C$DW$30, DW_AT_TI_begin_line(0x49)
     485                    .dwattr $C$DW$30, DW_AT_TI_begin_column(0x05)
     486                    .dwattr $C$DW$30, DW_AT_decl_file("../main.c")
     487                    .dwattr $C$DW$30, DW_AT_decl_line(0x49)
     488                    .dwattr $C$DW$30, DW_AT_decl_column(0x05)
     489                    .dwattr $C$DW$30, DW_AT_TI_max_frame_size(0x02)
     490                    .dwpsn  file "../main.c",line 74,column 1,is_stmt,address main,isa 0
     491            
     492                    .dwfde $C$DW$CIE, main
     493            
     494            ;*****************************************************************************
     495            ;* FUNCTION NAME: main                                                       *
     496            ;*                                                                           *
     497            ;*   Regs Modified     :                                                     *
     498            ;*   Regs Used         :                                                     *
     499            ;*   Local Frame Size  : 0 Args + 0 Auto + 0 Save = 0 byte                   *
     500            ;*****************************************************************************
     501 000000       main:
     502            ;* --------------------------------------------------------------------------*
     503                    .dwcfi  cfa_offset, 2
     504                    .dwcfi  save_reg_to_mem, 16, -2
     505                    .dwpsn  file "../main.c",line 75,column 5,is_stmt,isa 0
     506 000000 40B2          MOV.W     #23168,&WDTCTL+0      ; [] |75| 
         000002 5A80 
         000004 0000!
     507                    .dwpsn  file "../main.c",line 77,column 5,is_stmt,isa 0
     508            $C$DW$31        .dwtag  DW_TAG_TI_branch
     509                    .dwattr $C$DW$31, DW_AT_low_pc(0x00)
     510                    .dwattr $C$DW$31, DW_AT_name("configure_clock")
     511                    .dwattr $C$DW$31, DW_AT_TI_call
     512            
     513 000006 12B0          CALL      #configure_clock      ; [] |77| 
         000008 0000!
     514                                                      ; [] |77| 
     515                    .dwpsn  file "../main.c",line 78,column 5,is_stmt,isa 0
     516            $C$DW$32        .dwtag  DW_TAG_TI_branch
     517                    .dwattr $C$DW$32, DW_AT_low_pc(0x00)
MSP430 Assembler PC v21.6.1 Wed May 31 11:06:39 2023

Copyright (c) 2003-2018 Texas Instruments Incorporated
main.asm                                                             PAGE   11

     518                    .dwattr $C$DW$32, DW_AT_name("configure_timer")
     519                    .dwattr $C$DW$32, DW_AT_TI_call
     520            
     521 00000a 12B0          CALL      #configure_timer      ; [] |78| 
         00000c 0000!
     522                                                      ; [] |78| 
     523                    .dwpsn  file "../main.c",line 79,column 5,is_stmt,isa 0
     524            $C$DW$33        .dwtag  DW_TAG_TI_branch
     525                    .dwattr $C$DW$33, DW_AT_low_pc(0x00)
     526                    .dwattr $C$DW$33, DW_AT_name("configure_adc")
     527                    .dwattr $C$DW$33, DW_AT_TI_call
     528            
     529 00000e 12B0          CALL      #configure_adc        ; [] |79| 
         000010 0000!
     530                                                      ; [] |79| 
     531                    .dwpsn  file "../main.c",line 80,column 5,is_stmt,isa 0
     532            $C$DW$34        .dwtag  DW_TAG_TI_branch
     533                    .dwattr $C$DW$34, DW_AT_low_pc(0x00)
     534                    .dwattr $C$DW$34, DW_AT_name("configure_pins")
     535                    .dwattr $C$DW$34, DW_AT_TI_call
     536            
     537 000012 12B0          CALL      #configure_pins       ; [] |80| 
         000014 0000!
     538                                                      ; [] |80| 
     539                    .dwpsn  file "../main.c",line 81,column 5,is_stmt,isa 0
     540 000016 D232          EINT      ; [] |81| 
     541            ;* --------------------------------------------------------------------------*
     542            ;*   BEGIN LOOP $C$L1
     543            ;*
     544            ;*   Loop source line                : 84
     545            ;*   Loop closing brace source line  : 87
     546            ;*   Known Minimum Trip Count        : 1
     547            ;*   Known Maximum Trip Count        : 4294967295
     548            ;*   Known Max Trip Count Factor     : 1
     549            ;* --------------------------------------------------------------------------*
     550 000018       $C$L1:    
     551                    .dwpsn  file "../main.c",line 87,column 5,is_stmt,isa 0
     552 000018 3FFF          JMP       $C$L1                 ; [] |87| 
     553                                                      ; [] |87| 
     554            ;* --------------------------------------------------------------------------*
     555                    .dwattr $C$DW$30, DW_AT_TI_end_file("../main.c")
     556                    .dwattr $C$DW$30, DW_AT_TI_end_line(0x5b)
     557                    .dwattr $C$DW$30, DW_AT_TI_end_column(0x01)
     558                    .dwendentry
     559                    .dwendtag $C$DW$30
     560            
     561            ;*****************************************************************************
     562            ;* UNDEFINED EXTERNAL REFERENCES                                             *
     563            ;*****************************************************************************
     564                    .global ADC10AE0
     565                    .global ADC10CTL0
     566                    .global ADC10CTL1
     567                    .global ADC10MEM
     568                    .global DCOCTL
     569                    .global BCSCTL1
MSP430 Assembler PC v21.6.1 Wed May 31 11:06:39 2023

Copyright (c) 2003-2018 Texas Instruments Incorporated
main.asm                                                             PAGE   12

     570                    .global BCSCTL2
     571                    .global P1DIR
     572                    .global P1SEL
     573                    .global TA0CTL
     574                    .global TA0CCTL1
     575                    .global TA0CCR0
     576                    .global TA0CCR1
     577                    .global WDTCTL
     578                    .global CALDCO_1MHZ
     579                    .global CALBC1_1MHZ
     580            
     581            ;******************************************************************************
     582            ;* BUILD ATTRIBUTES                                                           *
     583            ;******************************************************************************
     584                    .battr "TI", Tag_File, 1, Tag_LPM_INFO(1)
     585                    .battr "TI", Tag_File, 1, Tag_PORTS_INIT_INFO("012345678901ABCDEFGHIJ0111000000000000000000010
     586                    .battr "TI", Tag_File, 1, Tag_LEA_INFO(1)
     587                    .battr "TI", Tag_File, 1, Tag_HW_MPY32_INFO(1)
     588                    .battr "TI", Tag_File, 1, Tag_HW_MPY_ISR_INFO(3)
     589                    .battr "TI", Tag_File, 1, Tag_HW_MPY_INLINE_INFO(1)
     590                    .battr "mspabi", Tag_File, 1, Tag_enum_size(3)
     591            
     592            ;******************************************************************************
     593            ;* TYPE INFORMATION                                                           *
     594            ;******************************************************************************
     595            $C$DW$T$2       .dwtag  DW_TAG_unspecified_type
     596                    .dwattr $C$DW$T$2, DW_AT_name("void")
     597            
     598            $C$DW$T$4       .dwtag  DW_TAG_base_type
     599                    .dwattr $C$DW$T$4, DW_AT_encoding(DW_ATE_boolean)
     600                    .dwattr $C$DW$T$4, DW_AT_name("bool")
     601                    .dwattr $C$DW$T$4, DW_AT_byte_size(0x01)
     602            
     603            $C$DW$T$5       .dwtag  DW_TAG_base_type
     604                    .dwattr $C$DW$T$5, DW_AT_encoding(DW_ATE_signed_char)
     605                    .dwattr $C$DW$T$5, DW_AT_name("signed char")
     606                    .dwattr $C$DW$T$5, DW_AT_byte_size(0x01)
     607            
     608            $C$DW$T$6       .dwtag  DW_TAG_base_type
     609                    .dwattr $C$DW$T$6, DW_AT_encoding(DW_ATE_unsigned_char)
     610                    .dwattr $C$DW$T$6, DW_AT_name("unsigned char")
     611                    .dwattr $C$DW$T$6, DW_AT_byte_size(0x01)
     612            
     613            $C$DW$T$22      .dwtag  DW_TAG_volatile_type
     614                    .dwattr $C$DW$T$22, DW_AT_type(*$C$DW$T$6)
     615            
     616            $C$DW$T$7       .dwtag  DW_TAG_base_type
     617                    .dwattr $C$DW$T$7, DW_AT_encoding(DW_ATE_signed_char)
     618                    .dwattr $C$DW$T$7, DW_AT_name("wchar_t")
     619                    .dwattr $C$DW$T$7, DW_AT_byte_size(0x02)
     620            
     621            $C$DW$T$8       .dwtag  DW_TAG_base_type
     622                    .dwattr $C$DW$T$8, DW_AT_encoding(DW_ATE_signed)
     623                    .dwattr $C$DW$T$8, DW_AT_name("short")
     624                    .dwattr $C$DW$T$8, DW_AT_byte_size(0x02)
MSP430 Assembler PC v21.6.1 Wed May 31 11:06:39 2023

Copyright (c) 2003-2018 Texas Instruments Incorporated
main.asm                                                             PAGE   13

     625            
     626            $C$DW$T$9       .dwtag  DW_TAG_base_type
     627                    .dwattr $C$DW$T$9, DW_AT_encoding(DW_ATE_unsigned)
     628                    .dwattr $C$DW$T$9, DW_AT_name("unsigned short")
     629                    .dwattr $C$DW$T$9, DW_AT_byte_size(0x02)
     630            
     631            $C$DW$T$10      .dwtag  DW_TAG_base_type
     632                    .dwattr $C$DW$T$10, DW_AT_encoding(DW_ATE_signed)
     633                    .dwattr $C$DW$T$10, DW_AT_name("int")
     634                    .dwattr $C$DW$T$10, DW_AT_byte_size(0x02)
     635            
     636            $C$DW$T$11      .dwtag  DW_TAG_base_type
     637                    .dwattr $C$DW$T$11, DW_AT_encoding(DW_ATE_unsigned)
     638                    .dwattr $C$DW$T$11, DW_AT_name("unsigned int")
     639                    .dwattr $C$DW$T$11, DW_AT_byte_size(0x02)
     640            
     641            $C$DW$T$25      .dwtag  DW_TAG_volatile_type
     642                    .dwattr $C$DW$T$25, DW_AT_type(*$C$DW$T$11)
     643            
     644            $C$DW$T$12      .dwtag  DW_TAG_base_type
     645                    .dwattr $C$DW$T$12, DW_AT_encoding(DW_ATE_signed)
     646                    .dwattr $C$DW$T$12, DW_AT_name("long")
     647                    .dwattr $C$DW$T$12, DW_AT_byte_size(0x04)
     648            
     649            $C$DW$T$13      .dwtag  DW_TAG_base_type
     650                    .dwattr $C$DW$T$13, DW_AT_encoding(DW_ATE_unsigned)
     651                    .dwattr $C$DW$T$13, DW_AT_name("unsigned long")
     652                    .dwattr $C$DW$T$13, DW_AT_byte_size(0x04)
     653            
     654            $C$DW$T$14      .dwtag  DW_TAG_base_type
     655                    .dwattr $C$DW$T$14, DW_AT_encoding(DW_ATE_signed)
     656                    .dwattr $C$DW$T$14, DW_AT_name("long long")
     657                    .dwattr $C$DW$T$14, DW_AT_byte_size(0x08)
     658            
     659            $C$DW$T$15      .dwtag  DW_TAG_base_type
     660                    .dwattr $C$DW$T$15, DW_AT_encoding(DW_ATE_unsigned)
     661                    .dwattr $C$DW$T$15, DW_AT_name("unsigned long long")
     662                    .dwattr $C$DW$T$15, DW_AT_byte_size(0x08)
     663            
     664            $C$DW$T$16      .dwtag  DW_TAG_base_type
     665                    .dwattr $C$DW$T$16, DW_AT_encoding(DW_ATE_float)
     666                    .dwattr $C$DW$T$16, DW_AT_name("float")
     667                    .dwattr $C$DW$T$16, DW_AT_byte_size(0x04)
     668            
     669            $C$DW$T$17      .dwtag  DW_TAG_base_type
     670                    .dwattr $C$DW$T$17, DW_AT_encoding(DW_ATE_float)
     671                    .dwattr $C$DW$T$17, DW_AT_name("double")
     672                    .dwattr $C$DW$T$17, DW_AT_byte_size(0x08)
     673            
     674            $C$DW$T$18      .dwtag  DW_TAG_base_type
     675                    .dwattr $C$DW$T$18, DW_AT_encoding(DW_ATE_float)
     676                    .dwattr $C$DW$T$18, DW_AT_name("long double")
     677                    .dwattr $C$DW$T$18, DW_AT_byte_size(0x08)
     678            
     679                    .dwattr $C$DW$CU, DW_AT_language(DW_LANG_C)
MSP430 Assembler PC v21.6.1 Wed May 31 11:06:39 2023

Copyright (c) 2003-2018 Texas Instruments Incorporated
main.asm                                                             PAGE   14

     680            
     681            ;***************************************************************
     682            ;* DWARF CIE ENTRIES                                           *
     683            ;***************************************************************
     684            
     685            $C$DW$CIE       .dwcie 16
     686                    .dwcfi  cfa_register, 1
     687                    .dwcfi  cfa_offset, 0
     688                    .dwcfi  same_value, 0
     689                    .dwcfi  same_value, 1
     690                    .dwcfi  same_value, 3
     691                    .dwcfi  same_value, 4
     692                    .dwcfi  same_value, 5
     693                    .dwcfi  same_value, 6
     694                    .dwcfi  same_value, 7
     695                    .dwcfi  same_value, 8
     696                    .dwcfi  same_value, 9
     697                    .dwcfi  same_value, 10
     698                    .dwendentry
     699            
     700            ;***************************************************************
     701            ;* DWARF REGISTER MAP                                          *
     702            ;***************************************************************
     703            
     704            $C$DW$35        .dwtag  DW_TAG_TI_assign_register
     705                    .dwattr $C$DW$35, DW_AT_name("PC")
     706                    .dwattr $C$DW$35, DW_AT_location[DW_OP_reg0]
     707            
     708            $C$DW$36        .dwtag  DW_TAG_TI_assign_register
     709                    .dwattr $C$DW$36, DW_AT_name("SP")
     710                    .dwattr $C$DW$36, DW_AT_location[DW_OP_reg1]
     711            
     712            $C$DW$37        .dwtag  DW_TAG_TI_assign_register
     713                    .dwattr $C$DW$37, DW_AT_name("SR")
     714                    .dwattr $C$DW$37, DW_AT_location[DW_OP_reg2]
     715            
     716            $C$DW$38        .dwtag  DW_TAG_TI_assign_register
     717                    .dwattr $C$DW$38, DW_AT_name("CG")
     718                    .dwattr $C$DW$38, DW_AT_location[DW_OP_reg3]
     719            
     720            $C$DW$39        .dwtag  DW_TAG_TI_assign_register
     721                    .dwattr $C$DW$39, DW_AT_name("r4")
     722                    .dwattr $C$DW$39, DW_AT_location[DW_OP_reg4]
     723            
     724            $C$DW$40        .dwtag  DW_TAG_TI_assign_register
     725                    .dwattr $C$DW$40, DW_AT_name("r5")
     726                    .dwattr $C$DW$40, DW_AT_location[DW_OP_reg5]
     727            
     728            $C$DW$41        .dwtag  DW_TAG_TI_assign_register
     729                    .dwattr $C$DW$41, DW_AT_name("r6")
     730                    .dwattr $C$DW$41, DW_AT_location[DW_OP_reg6]
     731            
     732            $C$DW$42        .dwtag  DW_TAG_TI_assign_register
     733                    .dwattr $C$DW$42, DW_AT_name("r7")
     734                    .dwattr $C$DW$42, DW_AT_location[DW_OP_reg7]
MSP430 Assembler PC v21.6.1 Wed May 31 11:06:39 2023

Copyright (c) 2003-2018 Texas Instruments Incorporated
main.asm                                                             PAGE   15

     735            
     736            $C$DW$43        .dwtag  DW_TAG_TI_assign_register
     737                    .dwattr $C$DW$43, DW_AT_name("r8")
     738                    .dwattr $C$DW$43, DW_AT_location[DW_OP_reg8]
     739            
     740            $C$DW$44        .dwtag  DW_TAG_TI_assign_register
     741                    .dwattr $C$DW$44, DW_AT_name("r9")
     742                    .dwattr $C$DW$44, DW_AT_location[DW_OP_reg9]
     743            
     744            $C$DW$45        .dwtag  DW_TAG_TI_assign_register
     745                    .dwattr $C$DW$45, DW_AT_name("r10")
     746                    .dwattr $C$DW$45, DW_AT_location[DW_OP_reg10]
     747            
     748            $C$DW$46        .dwtag  DW_TAG_TI_assign_register
     749                    .dwattr $C$DW$46, DW_AT_name("r11")
     750                    .dwattr $C$DW$46, DW_AT_location[DW_OP_reg11]
     751            
     752            $C$DW$47        .dwtag  DW_TAG_TI_assign_register
     753                    .dwattr $C$DW$47, DW_AT_name("r12")
     754                    .dwattr $C$DW$47, DW_AT_location[DW_OP_reg12]
     755            
     756            $C$DW$48        .dwtag  DW_TAG_TI_assign_register
     757                    .dwattr $C$DW$48, DW_AT_name("r13")
     758                    .dwattr $C$DW$48, DW_AT_location[DW_OP_reg13]
     759            
     760            $C$DW$49        .dwtag  DW_TAG_TI_assign_register
     761                    .dwattr $C$DW$49, DW_AT_name("r14")
     762                    .dwattr $C$DW$49, DW_AT_location[DW_OP_reg14]
     763            
     764            $C$DW$50        .dwtag  DW_TAG_TI_assign_register
     765                    .dwattr $C$DW$50, DW_AT_name("r15")
     766                    .dwattr $C$DW$50, DW_AT_location[DW_OP_reg15]
     767            
     768            $C$DW$51        .dwtag  DW_TAG_TI_assign_register
     769                    .dwattr $C$DW$51, DW_AT_name("CIE_RETA")
     770                    .dwattr $C$DW$51, DW_AT_location[DW_OP_reg16]
     771            
     772                    .dwendtag $C$DW$CU
     773            

No Assembly Errors, No Assembly Warnings
