MSP430 Assembler PC v21.6.1 Sat May  6 13:41:58 2023

Copyright (c) 2003-2018 Texas Instruments Incorporated
main.asm                                                             PAGE    1

       1            ;******************************************************************************
       2            ;* MSP430 G3 C/C++ Codegen                                              PC v21.6.1.LTS *
       3            ;* Date/Time created: Sat May  6 13:41:58 2023                                *
       4            ;******************************************************************************
       5                    .compiler_opts --abi=eabi --diag_wrap=off --hll_source=on --mem_model:code=small --mem_model:d
       6            
       7            $C$DW$CU        .dwtag  DW_TAG_compile_unit
       8                    .dwattr $C$DW$CU, DW_AT_name("../main.c")
       9                    .dwattr $C$DW$CU, DW_AT_producer("TI MSP430 G3 C/C++ Codegen PC v21.6.1.LTS Copyright (c) 2003
      10                    .dwattr $C$DW$CU, DW_AT_TI_version(0x01)
      11                    .dwattr $C$DW$CU, DW_AT_comp_dir("D:\source\ccs\EED3018_Group6_lab4\Debug")
      12            ;       Interrupt vector table mappings
      13 000000               .intvec ".int08",       timer
         000000       
      14 000000               .intvec ".int02",       isr_counter
         000000       
      15            $C$DW$1 .dwtag  DW_TAG_variable
      16                    .dwattr $C$DW$1, DW_AT_name("DCOCTL")
      17                    .dwattr $C$DW$1, DW_AT_TI_symbol_name("DCOCTL")
      18                    .dwattr $C$DW$1, DW_AT_type(*$C$DW$T$25)
      19                    .dwattr $C$DW$1, DW_AT_declaration
      20                    .dwattr $C$DW$1, DW_AT_external
      21                    .dwattr $C$DW$1, DW_AT_decl_file("D:\programHDD\TI\ccs1220\ccs\ccs_base\msp430\include\msp430g
      22                    .dwattr $C$DW$1, DW_AT_decl_line(0x11f)
      23                    .dwattr $C$DW$1, DW_AT_decl_column(0x01)
      24            
      25            $C$DW$2 .dwtag  DW_TAG_variable
      26                    .dwattr $C$DW$2, DW_AT_name("BCSCTL1")
      27                    .dwattr $C$DW$2, DW_AT_TI_symbol_name("BCSCTL1")
      28                    .dwattr $C$DW$2, DW_AT_type(*$C$DW$T$25)
      29                    .dwattr $C$DW$2, DW_AT_declaration
      30                    .dwattr $C$DW$2, DW_AT_external
      31                    .dwattr $C$DW$2, DW_AT_decl_file("D:\programHDD\TI\ccs1220\ccs\ccs_base\msp430\include\msp430g
      32                    .dwattr $C$DW$2, DW_AT_decl_line(0x120)
      33                    .dwattr $C$DW$2, DW_AT_decl_column(0x01)
      34            
      35            $C$DW$3 .dwtag  DW_TAG_variable
      36                    .dwattr $C$DW$3, DW_AT_name("P1OUT")
      37                    .dwattr $C$DW$3, DW_AT_TI_symbol_name("P1OUT")
      38                    .dwattr $C$DW$3, DW_AT_type(*$C$DW$T$25)
      39                    .dwattr $C$DW$3, DW_AT_declaration
      40                    .dwattr $C$DW$3, DW_AT_external
      41                    .dwattr $C$DW$3, DW_AT_decl_file("D:\programHDD\TI\ccs1220\ccs\ccs_base\msp430\include\msp430g
      42                    .dwattr $C$DW$3, DW_AT_decl_line(0x1cf)
      43                    .dwattr $C$DW$3, DW_AT_decl_column(0x01)
      44            
      45            $C$DW$4 .dwtag  DW_TAG_variable
      46                    .dwattr $C$DW$4, DW_AT_name("P1DIR")
      47                    .dwattr $C$DW$4, DW_AT_TI_symbol_name("P1DIR")
      48                    .dwattr $C$DW$4, DW_AT_type(*$C$DW$T$25)
      49                    .dwattr $C$DW$4, DW_AT_declaration
      50                    .dwattr $C$DW$4, DW_AT_external
      51                    .dwattr $C$DW$4, DW_AT_decl_file("D:\programHDD\TI\ccs1220\ccs\ccs_base\msp430\include\msp430g
      52                    .dwattr $C$DW$4, DW_AT_decl_line(0x1d0)
      53                    .dwattr $C$DW$4, DW_AT_decl_column(0x01)
MSP430 Assembler PC v21.6.1 Sat May  6 13:41:58 2023

Copyright (c) 2003-2018 Texas Instruments Incorporated
main.asm                                                             PAGE    2

      54            
      55            $C$DW$5 .dwtag  DW_TAG_variable
      56                    .dwattr $C$DW$5, DW_AT_name("P1IFG")
      57                    .dwattr $C$DW$5, DW_AT_TI_symbol_name("P1IFG")
      58                    .dwattr $C$DW$5, DW_AT_type(*$C$DW$T$25)
      59                    .dwattr $C$DW$5, DW_AT_declaration
      60                    .dwattr $C$DW$5, DW_AT_external
      61                    .dwattr $C$DW$5, DW_AT_decl_file("D:\programHDD\TI\ccs1220\ccs\ccs_base\msp430\include\msp430g
      62                    .dwattr $C$DW$5, DW_AT_decl_line(0x1d1)
      63                    .dwattr $C$DW$5, DW_AT_decl_column(0x01)
      64            
      65            $C$DW$6 .dwtag  DW_TAG_variable
      66                    .dwattr $C$DW$6, DW_AT_name("P1IES")
      67                    .dwattr $C$DW$6, DW_AT_TI_symbol_name("P1IES")
      68                    .dwattr $C$DW$6, DW_AT_type(*$C$DW$T$25)
      69                    .dwattr $C$DW$6, DW_AT_declaration
      70                    .dwattr $C$DW$6, DW_AT_external
      71                    .dwattr $C$DW$6, DW_AT_decl_file("D:\programHDD\TI\ccs1220\ccs\ccs_base\msp430\include\msp430g
      72                    .dwattr $C$DW$6, DW_AT_decl_line(0x1d2)
      73                    .dwattr $C$DW$6, DW_AT_decl_column(0x01)
      74            
      75            $C$DW$7 .dwtag  DW_TAG_variable
      76                    .dwattr $C$DW$7, DW_AT_name("P1IE")
      77                    .dwattr $C$DW$7, DW_AT_TI_symbol_name("P1IE")
      78                    .dwattr $C$DW$7, DW_AT_type(*$C$DW$T$25)
      79                    .dwattr $C$DW$7, DW_AT_declaration
      80                    .dwattr $C$DW$7, DW_AT_external
      81                    .dwattr $C$DW$7, DW_AT_decl_file("D:\programHDD\TI\ccs1220\ccs\ccs_base\msp430\include\msp430g
      82                    .dwattr $C$DW$7, DW_AT_decl_line(0x1d3)
      83                    .dwattr $C$DW$7, DW_AT_decl_column(0x01)
      84            
      85            $C$DW$8 .dwtag  DW_TAG_variable
      86                    .dwattr $C$DW$8, DW_AT_name("P1REN")
      87                    .dwattr $C$DW$8, DW_AT_TI_symbol_name("P1REN")
      88                    .dwattr $C$DW$8, DW_AT_type(*$C$DW$T$25)
      89                    .dwattr $C$DW$8, DW_AT_declaration
      90                    .dwattr $C$DW$8, DW_AT_external
      91                    .dwattr $C$DW$8, DW_AT_decl_file("D:\programHDD\TI\ccs1220\ccs\ccs_base\msp430\include\msp430g
      92                    .dwattr $C$DW$8, DW_AT_decl_line(0x1d6)
      93                    .dwattr $C$DW$8, DW_AT_decl_column(0x01)
      94            
      95            $C$DW$9 .dwtag  DW_TAG_variable
      96                    .dwattr $C$DW$9, DW_AT_name("TA0CTL")
      97                    .dwattr $C$DW$9, DW_AT_TI_symbol_name("TA0CTL")
      98                    .dwattr $C$DW$9, DW_AT_type(*$C$DW$T$27)
      99                    .dwattr $C$DW$9, DW_AT_declaration
     100                    .dwattr $C$DW$9, DW_AT_external
     101                    .dwattr $C$DW$9, DW_AT_decl_file("D:\programHDD\TI\ccs1220\ccs\ccs_base\msp430\include\msp430g
     102                    .dwattr $C$DW$9, DW_AT_decl_line(0x1f7)
     103                    .dwattr $C$DW$9, DW_AT_decl_column(0x01)
     104            
     105            $C$DW$10        .dwtag  DW_TAG_variable
     106                    .dwattr $C$DW$10, DW_AT_name("TA0CCR0")
     107                    .dwattr $C$DW$10, DW_AT_TI_symbol_name("TA0CCR0")
     108                    .dwattr $C$DW$10, DW_AT_type(*$C$DW$T$27)
MSP430 Assembler PC v21.6.1 Sat May  6 13:41:58 2023

Copyright (c) 2003-2018 Texas Instruments Incorporated
main.asm                                                             PAGE    3

     109                    .dwattr $C$DW$10, DW_AT_declaration
     110                    .dwattr $C$DW$10, DW_AT_external
     111                    .dwattr $C$DW$10, DW_AT_decl_file("D:\programHDD\TI\ccs1220\ccs\ccs_base\msp430\include\msp430
     112                    .dwattr $C$DW$10, DW_AT_decl_line(0x1fc)
     113                    .dwattr $C$DW$10, DW_AT_decl_column(0x01)
     114            
     115            $C$DW$11        .dwtag  DW_TAG_variable
     116                    .dwattr $C$DW$11, DW_AT_name("WDTCTL")
     117                    .dwattr $C$DW$11, DW_AT_TI_symbol_name("WDTCTL")
     118                    .dwattr $C$DW$11, DW_AT_type(*$C$DW$T$27)
     119                    .dwattr $C$DW$11, DW_AT_declaration
     120                    .dwattr $C$DW$11, DW_AT_external
     121                    .dwattr $C$DW$11, DW_AT_decl_file("D:\programHDD\TI\ccs1220\ccs\ccs_base\msp430\include\msp430
     122                    .dwattr $C$DW$11, DW_AT_decl_line(0x343)
     123                    .dwattr $C$DW$11, DW_AT_decl_column(0x01)
     124            
     125            $C$DW$12        .dwtag  DW_TAG_variable
     126                    .dwattr $C$DW$12, DW_AT_name("CALDCO_1MHZ")
     127                    .dwattr $C$DW$12, DW_AT_TI_symbol_name("CALDCO_1MHZ")
     128                    .dwattr $C$DW$12, DW_AT_type(*$C$DW$T$25)
     129                    .dwattr $C$DW$12, DW_AT_declaration
     130                    .dwattr $C$DW$12, DW_AT_external
     131                    .dwattr $C$DW$12, DW_AT_decl_file("D:\programHDD\TI\ccs1220\ccs\ccs_base\msp430\include\msp430
     132                    .dwattr $C$DW$12, DW_AT_decl_line(0x378)
     133                    .dwattr $C$DW$12, DW_AT_decl_column(0x01)
     134            
     135            $C$DW$13        .dwtag  DW_TAG_variable
     136                    .dwattr $C$DW$13, DW_AT_name("CALBC1_1MHZ")
     137                    .dwattr $C$DW$13, DW_AT_TI_symbol_name("CALBC1_1MHZ")
     138                    .dwattr $C$DW$13, DW_AT_type(*$C$DW$T$25)
     139                    .dwattr $C$DW$13, DW_AT_declaration
     140                    .dwattr $C$DW$13, DW_AT_external
     141                    .dwattr $C$DW$13, DW_AT_decl_file("D:\programHDD\TI\ccs1220\ccs\ccs_base\msp430\include\msp430
     142                    .dwattr $C$DW$13, DW_AT_decl_line(0x379)
     143                    .dwattr $C$DW$13, DW_AT_decl_column(0x01)
     144            
     145                    .global g_count
     146 000000               .data
     147                    .align  2
     148                    .elfsym g_count,SYM_SIZE(2)
     149 000000       g_count:
     150 000000 0000          .bits           0,16
     151                                    ; g_count @ 0
     152            
     153            $C$DW$14        .dwtag  DW_TAG_variable
     154                    .dwattr $C$DW$14, DW_AT_name("g_count")
     155                    .dwattr $C$DW$14, DW_AT_TI_symbol_name("g_count")
     156                    .dwattr $C$DW$14, DW_AT_location[DW_OP_addr g_count]
     157                    .dwattr $C$DW$14, DW_AT_type(*$C$DW$T$27)
     158                    .dwattr $C$DW$14, DW_AT_external
     159                    .dwattr $C$DW$14, DW_AT_decl_file("../main.c")
     160                    .dwattr $C$DW$14, DW_AT_decl_line(0x0b)
     161                    .dwattr $C$DW$14, DW_AT_decl_column(0x17)
     162            
     163                    .global g_led_status
MSP430 Assembler PC v21.6.1 Sat May  6 13:41:58 2023

Copyright (c) 2003-2018 Texas Instruments Incorporated
main.asm                                                             PAGE    4

     164 000002               .data
     165                    .align  2
     166                    .elfsym g_led_status,SYM_SIZE(2)
     167 000002       g_led_status:
     168 000002 0000          .bits           0,16
     169                                    ; g_led_status @ 0
     170            
     171            $C$DW$15        .dwtag  DW_TAG_variable
     172                    .dwattr $C$DW$15, DW_AT_name("g_led_status")
     173                    .dwattr $C$DW$15, DW_AT_TI_symbol_name("g_led_status")
     174                    .dwattr $C$DW$15, DW_AT_location[DW_OP_addr g_led_status]
     175                    .dwattr $C$DW$15, DW_AT_type(*$C$DW$T$27)
     176                    .dwattr $C$DW$15, DW_AT_external
     177                    .dwattr $C$DW$15, DW_AT_decl_file("../main.c")
     178                    .dwattr $C$DW$15, DW_AT_decl_line(0x0c)
     179                    .dwattr $C$DW$15, DW_AT_decl_column(0x17)
     180            
     181                    .global count_up
     182 000004               .data
     183                    .align  1
     184                    .elfsym count_up,SYM_SIZE(1)
     185 000004       count_up:
     186 000004 0001          .bits           0x1,8
     187                                    ; count_up @ 0
     188            
     189            $C$DW$16        .dwtag  DW_TAG_variable
     190                    .dwattr $C$DW$16, DW_AT_name("count_up")
     191                    .dwattr $C$DW$16, DW_AT_TI_symbol_name("count_up")
     192                    .dwattr $C$DW$16, DW_AT_location[DW_OP_addr count_up]
     193                    .dwattr $C$DW$16, DW_AT_type(*$C$DW$T$29)
     194                    .dwattr $C$DW$16, DW_AT_external
     195                    .dwattr $C$DW$16, DW_AT_decl_file("../main.c")
     196                    .dwattr $C$DW$16, DW_AT_decl_line(0x0d)
     197                    .dwattr $C$DW$16, DW_AT_decl_column(0x0f)
     198            
     199            
     200            $C$DW$17        .dwtag  DW_TAG_subprogram
     201                    .dwattr $C$DW$17, DW_AT_name("__enable_interrupt")
     202                    .dwattr $C$DW$17, DW_AT_TI_symbol_name("__enable_interrupt")
     203                    .dwattr $C$DW$17, DW_AT_declaration
     204                    .dwattr $C$DW$17, DW_AT_external
     205                    .dwendtag $C$DW$17
     206            
     207            ;       D:\programHDD\TI\ccs1220\ccs\tools\compiler\ti-cgt-msp430_21.6.1.LTS\bin\opt430.exe C:\\Users\
     208 000000               .sect   ".text:update_leds"
     209                    .clink
     210                    .global update_leds
     211            
     212            $C$DW$18        .dwtag  DW_TAG_subprogram
     213                    .dwattr $C$DW$18, DW_AT_name("update_leds")
     214                    .dwattr $C$DW$18, DW_AT_low_pc(update_leds)
     215                    .dwattr $C$DW$18, DW_AT_high_pc(0x00)
     216                    .dwattr $C$DW$18, DW_AT_TI_symbol_name("update_leds")
     217                    .dwattr $C$DW$18, DW_AT_external
     218                    .dwattr $C$DW$18, DW_AT_TI_begin_file("../main.c")
MSP430 Assembler PC v21.6.1 Sat May  6 13:41:58 2023

Copyright (c) 2003-2018 Texas Instruments Incorporated
main.asm                                                             PAGE    5

     219                    .dwattr $C$DW$18, DW_AT_TI_begin_line(0x27)
     220                    .dwattr $C$DW$18, DW_AT_TI_begin_column(0x06)
     221                    .dwattr $C$DW$18, DW_AT_decl_file("../main.c")
     222                    .dwattr $C$DW$18, DW_AT_decl_line(0x27)
     223                    .dwattr $C$DW$18, DW_AT_decl_column(0x06)
     224                    .dwattr $C$DW$18, DW_AT_TI_max_frame_size(0x02)
     225                    .dwpsn  file "../main.c",line 40,column 1,is_stmt,address update_leds,isa 0
     226            
     227                    .dwfde $C$DW$CIE, update_leds
     228            $C$DW$19        .dwtag  DW_TAG_formal_parameter
     229                    .dwattr $C$DW$19, DW_AT_name("led_status")
     230                    .dwattr $C$DW$19, DW_AT_TI_symbol_name("led_status")
     231                    .dwattr $C$DW$19, DW_AT_type(*$C$DW$T$11)
     232                    .dwattr $C$DW$19, DW_AT_location[DW_OP_reg12]
     233            
     234            
     235            ;*****************************************************************************
     236            ;* FUNCTION NAME: update_leds                                                *
     237            ;*                                                                           *
     238            ;*   Regs Modified     : SP,SR,r12                                           *
     239            ;*   Regs Used         : SP,SR,r12                                           *
     240            ;*   Local Frame Size  : 0 Args + 0 Auto + 0 Save = 0 byte                   *
     241            ;*****************************************************************************
     242 000000       update_leds:
     243            ;* --------------------------------------------------------------------------*
     244                    .dwcfi  cfa_offset, 2
     245                    .dwcfi  save_reg_to_mem, 16, -2
     246                    .dwpsn  file "../main.c",line 42,column 5,is_stmt,isa 0
     247 000000 F0F2          AND.B     #248,&P1OUT+0         ; [] |42| 
         000002 00F8 
         000004 0000!
     248                    .dwpsn  file "../main.c",line 45,column 5,is_stmt,isa 0
     249 000006 F07C          AND.B     #7,r12                ; [] |45| 
         000008 0007 
     250 00000a DCC2          OR.B      r12,&P1OUT+0          ; [] |45| 
         00000c 0000!
     251                    .dwpsn  file "../main.c",line 46,column 1,is_stmt,isa 0
     252            $C$DW$20        .dwtag  DW_TAG_TI_branch
     253                    .dwattr $C$DW$20, DW_AT_low_pc(0x00)
     254                    .dwattr $C$DW$20, DW_AT_TI_return
     255            
     256 00000e 4130          RET       ; [] 
     257                    ; [] 
     258                    .dwattr $C$DW$18, DW_AT_TI_end_file("../main.c")
     259                    .dwattr $C$DW$18, DW_AT_TI_end_line(0x2e)
     260                    .dwattr $C$DW$18, DW_AT_TI_end_column(0x01)
     261                    .dwendentry
     262                    .dwendtag $C$DW$18
     263            
     264 000000               .sect   ".text:timer"
     265                    .clink
     266                    .global timer
     267            
     268            $C$DW$21        .dwtag  DW_TAG_subprogram
     269                    .dwattr $C$DW$21, DW_AT_name("timer")
MSP430 Assembler PC v21.6.1 Sat May  6 13:41:58 2023

Copyright (c) 2003-2018 Texas Instruments Incorporated
main.asm                                                             PAGE    6

     270                    .dwattr $C$DW$21, DW_AT_low_pc(timer)
     271                    .dwattr $C$DW$21, DW_AT_high_pc(0x00)
     272                    .dwattr $C$DW$21, DW_AT_TI_symbol_name("timer")
     273                    .dwattr $C$DW$21, DW_AT_external
     274                    .dwattr $C$DW$21, DW_AT_TI_begin_file("../main.c")
     275                    .dwattr $C$DW$21, DW_AT_TI_begin_line(0x45)
     276                    .dwattr $C$DW$21, DW_AT_TI_begin_column(0x12)
     277                    .dwattr $C$DW$21, DW_AT_decl_file("../main.c")
     278                    .dwattr $C$DW$21, DW_AT_decl_line(0x45)
     279                    .dwattr $C$DW$21, DW_AT_decl_column(0x12)
     280                    .dwattr $C$DW$21, DW_AT_TI_interrupt
     281                    .dwattr $C$DW$21, DW_AT_TI_max_frame_size(0x04)
     282                    .dwpsn  file "../main.c",line 70,column 1,is_stmt,address timer,isa 0
     283            
     284                    .dwfde $C$DW$CIE, timer
     285            
     286            ;*****************************************************************************
     287            ;* FUNCTION NAME: timer                                                      *
     288            ;*                                                                           *
     289            ;*   Regs Modified     : SP,SR,r15                                           *
     290            ;*   Regs Used         : SP,SR,r15                                           *
     291            ;*   Local Frame Size  : 0 Args + 0 Auto + 2 Save = 2 byte                   *
     292            ;*****************************************************************************
     293 000000       timer:
     294            ;* --------------------------------------------------------------------------*
     295                    .dwcfi  cfa_offset, 2
     296                    .dwcfi  save_reg_to_mem, 16, -2
     297 000000 120F          PUSH.W    r15                   ; [] 
     298                    .dwcfi  cfa_offset, 4
     299                    .dwcfi  save_reg_to_mem, 15, -4
     300                    .dwpsn  file "../main.c",line 71,column 5,is_stmt,isa 0
     301 000002 C392          BIC.W     #1,&TA0CTL+0          ; [] |71| 
         000004 0000!
     302                    .dwpsn  file "../main.c",line 73,column 5,is_stmt,isa 0
     303 000006 431F          MOV.W     #1,r15                ; [] |73| 
     304 000008 521F          ADD.W     &g_count+0,r15        ; [] |73| 
         00000a 0000!
     305 00000c 4F82          MOV.W     r15,&g_count+0        ; [] |73| 
         00000e 0000!
     306 000010 903F          CMP.W     #1000,r15             ; [] |73| 
         000012 03E8 
     307 000014 200A          JNE       $C$L2                 ; [] |73| 
     308                                                      ; [] |73| 
     309            ;* --------------------------------------------------------------------------*
     310                    .dwpsn  file "../main.c",line 75,column 9,is_stmt,isa 0
     311 000016 4382          MOV.W     #0,&g_count+0         ; [] |75| 
         000018 0000!
     312                    .dwpsn  file "../main.c",line 77,column 9,is_stmt,isa 0
     313 00001a 93D2          CMP.B     #1,&count_up+0        ; [] |77| 
         00001c 0000!
     314 00001e 2403          JEQ       $C$L1                 ; [] |77| 
     315                                                      ; [] |77| 
     316            ;* --------------------------------------------------------------------------*
     317                    .dwpsn  file "../main.c",line 83,column 13,is_stmt,isa 0
     318 000020 8392          SUB.W     #1,&g_led_status+0    ; [] |83| 
MSP430 Assembler PC v21.6.1 Sat May  6 13:41:58 2023

Copyright (c) 2003-2018 Texas Instruments Incorporated
main.asm                                                             PAGE    7

         000022 0000!
     319 000024 3C02          JMP       $C$L2                 ; [] |83| 
     320                                                      ; [] |83| 
     321            ;* --------------------------------------------------------------------------*
     322 000026       $C$L1:    
     323                    .dwpsn  file "../main.c",line 79,column 13,is_stmt,isa 0
     324 000026 5392          ADD.W     #1,&g_led_status+0    ; [] |79| 
         000028 0000!
     325            ;* --------------------------------------------------------------------------*
     326 00002a       $C$L2:    
     327                    .dwpsn  file "../main.c",line 86,column 1,is_stmt,isa 0
     328 00002a 413F          POP       r15                   ; [] 
     329                    .dwcfi  restore_reg, 15
     330                    .dwcfi  cfa_offset, 2
     331            $C$DW$22        .dwtag  DW_TAG_TI_branch
     332                    .dwattr $C$DW$22, DW_AT_low_pc(0x00)
     333                    .dwattr $C$DW$22, DW_AT_TI_return
     334            
     335 00002c 1300          RETI      ; [] 
     336                    ; [] 
     337                    .dwattr $C$DW$21, DW_AT_TI_end_file("../main.c")
     338                    .dwattr $C$DW$21, DW_AT_TI_end_line(0x56)
     339                    .dwattr $C$DW$21, DW_AT_TI_end_column(0x01)
     340                    .dwendentry
     341                    .dwendtag $C$DW$21
     342            
     343 000000               .sect   ".text:configure_clock"
     344                    .clink
     345                    .global configure_clock
     346            
     347            $C$DW$23        .dwtag  DW_TAG_subprogram
     348                    .dwattr $C$DW$23, DW_AT_name("configure_clock")
     349                    .dwattr $C$DW$23, DW_AT_low_pc(configure_clock)
     350                    .dwattr $C$DW$23, DW_AT_high_pc(0x00)
     351                    .dwattr $C$DW$23, DW_AT_TI_symbol_name("configure_clock")
     352                    .dwattr $C$DW$23, DW_AT_external
     353                    .dwattr $C$DW$23, DW_AT_TI_begin_file("../main.c")
     354                    .dwattr $C$DW$23, DW_AT_TI_begin_line(0x32)
     355                    .dwattr $C$DW$23, DW_AT_TI_begin_column(0x06)
     356                    .dwattr $C$DW$23, DW_AT_decl_file("../main.c")
     357                    .dwattr $C$DW$23, DW_AT_decl_line(0x32)
     358                    .dwattr $C$DW$23, DW_AT_decl_column(0x06)
     359                    .dwattr $C$DW$23, DW_AT_TI_max_frame_size(0x02)
     360                    .dwpsn  file "../main.c",line 51,column 1,is_stmt,address configure_clock,isa 0
     361            
     362                    .dwfde $C$DW$CIE, configure_clock
     363            
     364            ;*****************************************************************************
     365            ;* FUNCTION NAME: configure_clock                                            *
     366            ;*                                                                           *
     367            ;*   Regs Modified     : SP                                                  *
     368            ;*   Regs Used         : SP                                                  *
     369            ;*   Local Frame Size  : 0 Args + 0 Auto + 0 Save = 0 byte                   *
     370            ;*****************************************************************************
     371 000000       configure_clock:
MSP430 Assembler PC v21.6.1 Sat May  6 13:41:58 2023

Copyright (c) 2003-2018 Texas Instruments Incorporated
main.asm                                                             PAGE    8

     372            ;* --------------------------------------------------------------------------*
     373                    .dwcfi  cfa_offset, 2
     374                    .dwcfi  save_reg_to_mem, 16, -2
     375                    .dwpsn  file "../main.c",line 52,column 5,is_stmt,isa 0
     376 000000 42D2          MOV.B     &CALBC1_1MHZ+0,&BCSCTL1+0 ; [] |52| 
         000002 0000!
         000004 0000!
     377                    .dwpsn  file "../main.c",line 53,column 5,is_stmt,isa 0
     378 000006 42D2          MOV.B     &CALDCO_1MHZ+0,&DCOCTL+0 ; [] |53| 
         000008 0000!
         00000a 0000!
     379                    .dwpsn  file "../main.c",line 54,column 1,is_stmt,isa 0
     380            $C$DW$24        .dwtag  DW_TAG_TI_branch
     381                    .dwattr $C$DW$24, DW_AT_low_pc(0x00)
     382                    .dwattr $C$DW$24, DW_AT_TI_return
     383            
     384 00000c 4130          RET       ; [] 
     385                    ; [] 
     386                    .dwattr $C$DW$23, DW_AT_TI_end_file("../main.c")
     387                    .dwattr $C$DW$23, DW_AT_TI_end_line(0x36)
     388                    .dwattr $C$DW$23, DW_AT_TI_end_column(0x01)
     389                    .dwendentry
     390                    .dwendtag $C$DW$23
     391            
     392 000000               .sect   ".text:configure_timer"
     393                    .clink
     394                    .global configure_timer
     395            
     396            $C$DW$25        .dwtag  DW_TAG_subprogram
     397                    .dwattr $C$DW$25, DW_AT_name("configure_timer")
     398                    .dwattr $C$DW$25, DW_AT_low_pc(configure_timer)
     399                    .dwattr $C$DW$25, DW_AT_high_pc(0x00)
     400                    .dwattr $C$DW$25, DW_AT_TI_symbol_name("configure_timer")
     401                    .dwattr $C$DW$25, DW_AT_external
     402                    .dwattr $C$DW$25, DW_AT_TI_begin_file("../main.c")
     403                    .dwattr $C$DW$25, DW_AT_TI_begin_line(0x3a)
     404                    .dwattr $C$DW$25, DW_AT_TI_begin_column(0x06)
     405                    .dwattr $C$DW$25, DW_AT_decl_file("../main.c")
     406                    .dwattr $C$DW$25, DW_AT_decl_line(0x3a)
     407                    .dwattr $C$DW$25, DW_AT_decl_column(0x06)
     408                    .dwattr $C$DW$25, DW_AT_TI_max_frame_size(0x02)
     409                    .dwpsn  file "../main.c",line 59,column 1,is_stmt,address configure_timer,isa 0
     410            
     411                    .dwfde $C$DW$CIE, configure_timer
     412            
     413            ;*****************************************************************************
     414            ;* FUNCTION NAME: configure_timer                                            *
     415            ;*                                                                           *
     416            ;*   Regs Modified     : SP                                                  *
     417            ;*   Regs Used         : SP                                                  *
     418            ;*   Local Frame Size  : 0 Args + 0 Auto + 0 Save = 0 byte                   *
     419            ;*****************************************************************************
     420 000000       configure_timer:
     421            ;* --------------------------------------------------------------------------*
     422                    .dwcfi  cfa_offset, 2
MSP430 Assembler PC v21.6.1 Sat May  6 13:41:58 2023

Copyright (c) 2003-2018 Texas Instruments Incorporated
main.asm                                                             PAGE    9

     423                    .dwcfi  save_reg_to_mem, 16, -2
     424                    .dwpsn  file "../main.c",line 60,column 5,is_stmt,isa 0
     425 000000 40B2          MOV.W     #125,&TA0CCR0+0       ; [] |60| 
         000002 007D 
         000004 0000!
     426                    .dwpsn  file "../main.c",line 62,column 5,is_stmt,isa 0
     427 000006 40B2          MOV.W     #722,&TA0CTL+0        ; [] |62| 
         000008 02D2 
         00000a 0000!
     428                    .dwpsn  file "../main.c",line 64,column 1,is_stmt,isa 0
     429            $C$DW$26        .dwtag  DW_TAG_TI_branch
     430                    .dwattr $C$DW$26, DW_AT_low_pc(0x00)
     431                    .dwattr $C$DW$26, DW_AT_TI_return
     432            
     433 00000c 4130          RET       ; [] 
     434                    ; [] 
     435                    .dwattr $C$DW$25, DW_AT_TI_end_file("../main.c")
     436                    .dwattr $C$DW$25, DW_AT_TI_end_line(0x40)
     437                    .dwattr $C$DW$25, DW_AT_TI_end_column(0x01)
     438                    .dwendentry
     439                    .dwendtag $C$DW$25
     440            
     441 000000               .sect   ".text:configure_pins"
     442                    .clink
     443                    .global configure_pins
     444            
     445            $C$DW$27        .dwtag  DW_TAG_subprogram
     446                    .dwattr $C$DW$27, DW_AT_name("configure_pins")
     447                    .dwattr $C$DW$27, DW_AT_low_pc(configure_pins)
     448                    .dwattr $C$DW$27, DW_AT_high_pc(0x00)
     449                    .dwattr $C$DW$27, DW_AT_TI_symbol_name("configure_pins")
     450                    .dwattr $C$DW$27, DW_AT_external
     451                    .dwattr $C$DW$27, DW_AT_TI_begin_file("../main.c")
     452                    .dwattr $C$DW$27, DW_AT_TI_begin_line(0x10)
     453                    .dwattr $C$DW$27, DW_AT_TI_begin_column(0x06)
     454                    .dwattr $C$DW$27, DW_AT_decl_file("../main.c")
     455                    .dwattr $C$DW$27, DW_AT_decl_line(0x10)
     456                    .dwattr $C$DW$27, DW_AT_decl_column(0x06)
     457                    .dwattr $C$DW$27, DW_AT_TI_max_frame_size(0x02)
     458                    .dwpsn  file "../main.c",line 17,column 1,is_stmt,address configure_pins,isa 0
     459            
     460                    .dwfde $C$DW$CIE, configure_pins
     461            
     462            ;*****************************************************************************
     463            ;* FUNCTION NAME: configure_pins                                             *
     464            ;*                                                                           *
     465            ;*   Regs Modified     : SP,SR                                               *
     466            ;*   Regs Used         : SP,SR                                               *
     467            ;*   Local Frame Size  : 0 Args + 0 Auto + 0 Save = 0 byte                   *
     468            ;*****************************************************************************
     469 000000       configure_pins:
     470            ;* --------------------------------------------------------------------------*
     471                    .dwcfi  cfa_offset, 2
     472                    .dwcfi  save_reg_to_mem, 16, -2
     473                    .dwpsn  file "../main.c",line 19,column 5,is_stmt,isa 0
MSP430 Assembler PC v21.6.1 Sat May  6 13:41:58 2023

Copyright (c) 2003-2018 Texas Instruments Incorporated
main.asm                                                             PAGE   10

     474 000000 D0F2          OR.B      #7,&P1DIR+0           ; [] |19| 
         000002 0007 
         000004 0000!
     475                    .dwpsn  file "../main.c",line 22,column 5,is_stmt,isa 0
     476 000006 F0F2          AND.B     #223,&P1DIR+0         ; [] |22| 
         000008 00DF 
         00000a 0000!
     477                    .dwpsn  file "../main.c",line 25,column 5,is_stmt,isa 0
     478 00000c D0F2          OR.B      #32,&P1REN+0          ; [] |25| 
         00000e 0020 
         000010 0000!
     479                    .dwpsn  file "../main.c",line 26,column 5,is_stmt,isa 0
     480 000012 D0F2          OR.B      #32,&P1OUT+0          ; [] |26| 
         000014 0020 
         000016 0000!
     481                    .dwpsn  file "../main.c",line 29,column 5,is_stmt,isa 0
     482 000018 F0F2          AND.B     #248,&P1OUT+0         ; [] |29| 
         00001a 00F8 
         00001c 0000!
     483                    .dwpsn  file "../main.c",line 32,column 5,is_stmt,isa 0
     484 00001e D0F2          OR.B      #32,&P1IE+0           ; [] |32| 
         000020 0020 
         000022 0000!
     485                    .dwpsn  file "../main.c",line 33,column 5,is_stmt,isa 0
     486 000024 D0F2          OR.B      #32,&P1IES+0          ; [] |33| 
         000026 0020 
         000028 0000!
     487                    .dwpsn  file "../main.c",line 34,column 5,is_stmt,isa 0
     488 00002a F0F2          AND.B     #223,&P1IFG+0         ; [] |34| 
         00002c 00DF 
         00002e 0000!
     489                    .dwpsn  file "../main.c",line 35,column 1,is_stmt,isa 0
     490            $C$DW$28        .dwtag  DW_TAG_TI_branch
     491                    .dwattr $C$DW$28, DW_AT_low_pc(0x00)
     492                    .dwattr $C$DW$28, DW_AT_TI_return
     493            
     494 000030 4130          RET       ; [] 
     495                    ; [] 
     496                    .dwattr $C$DW$27, DW_AT_TI_end_file("../main.c")
     497                    .dwattr $C$DW$27, DW_AT_TI_end_line(0x23)
     498                    .dwattr $C$DW$27, DW_AT_TI_end_column(0x01)
     499                    .dwendentry
     500                    .dwendtag $C$DW$27
     501            
     502 000000               .sect   ".text:main"
     503                    .clink
     504                    .global main
     505            
     506            $C$DW$29        .dwtag  DW_TAG_subprogram
     507                    .dwattr $C$DW$29, DW_AT_name("main")
     508                    .dwattr $C$DW$29, DW_AT_low_pc(main)
     509                    .dwattr $C$DW$29, DW_AT_high_pc(0x00)
     510                    .dwattr $C$DW$29, DW_AT_TI_symbol_name("main")
     511                    .dwattr $C$DW$29, DW_AT_external
     512                    .dwattr $C$DW$29, DW_AT_type(*$C$DW$T$10)
MSP430 Assembler PC v21.6.1 Sat May  6 13:41:58 2023

Copyright (c) 2003-2018 Texas Instruments Incorporated
main.asm                                                             PAGE   11

     513                    .dwattr $C$DW$29, DW_AT_TI_begin_file("../main.c")
     514                    .dwattr $C$DW$29, DW_AT_TI_begin_line(0x67)
     515                    .dwattr $C$DW$29, DW_AT_TI_begin_column(0x05)
     516                    .dwattr $C$DW$29, DW_AT_decl_file("../main.c")
     517                    .dwattr $C$DW$29, DW_AT_decl_line(0x67)
     518                    .dwattr $C$DW$29, DW_AT_decl_column(0x05)
     519                    .dwattr $C$DW$29, DW_AT_TI_max_frame_size(0x02)
     520                    .dwpsn  file "../main.c",line 104,column 1,is_stmt,address main,isa 0
     521            
     522                    .dwfde $C$DW$CIE, main
     523            
     524            ;*****************************************************************************
     525            ;* FUNCTION NAME: main                                                       *
     526            ;*                                                                           *
     527            ;*   Regs Modified     : SR,r12                                              *
     528            ;*   Regs Used         : SR,r12                                              *
     529            ;*   Local Frame Size  : 0 Args + 0 Auto + 0 Save = 0 byte                   *
     530            ;*****************************************************************************
     531 000000       main:
     532            ;* --------------------------------------------------------------------------*
     533                    .dwcfi  cfa_offset, 2
     534                    .dwcfi  save_reg_to_mem, 16, -2
     535                    .dwpsn  file "../main.c",line 106,column 5,is_stmt,isa 0
     536 000000 40B2          MOV.W     #23168,&WDTCTL+0      ; [] |106| 
         000002 5A80 
         000004 0000!
     537                    .dwpsn  file "../main.c",line 108,column 5,is_stmt,isa 0
     538            $C$DW$30        .dwtag  DW_TAG_TI_branch
     539                    .dwattr $C$DW$30, DW_AT_low_pc(0x00)
     540                    .dwattr $C$DW$30, DW_AT_name("configure_clock")
     541                    .dwattr $C$DW$30, DW_AT_TI_call
     542            
     543 000006 12B0          CALL      #configure_clock      ; [] |108| 
         000008 0000!
     544                                                      ; [] |108| 
     545                    .dwpsn  file "../main.c",line 109,column 5,is_stmt,isa 0
     546            $C$DW$31        .dwtag  DW_TAG_TI_branch
     547                    .dwattr $C$DW$31, DW_AT_low_pc(0x00)
     548                    .dwattr $C$DW$31, DW_AT_name("configure_timer")
     549                    .dwattr $C$DW$31, DW_AT_TI_call
     550            
     551 00000a 12B0          CALL      #configure_timer      ; [] |109| 
         00000c 0000!
     552                                                      ; [] |109| 
     553                    .dwpsn  file "../main.c",line 110,column 5,is_stmt,isa 0
     554            $C$DW$32        .dwtag  DW_TAG_TI_branch
     555                    .dwattr $C$DW$32, DW_AT_low_pc(0x00)
     556                    .dwattr $C$DW$32, DW_AT_name("configure_pins")
     557                    .dwattr $C$DW$32, DW_AT_TI_call
     558            
     559 00000e 12B0          CALL      #configure_pins       ; [] |110| 
         000010 0000!
     560                                                      ; [] |110| 
     561                    .dwpsn  file "../main.c",line 112,column 5,is_stmt,isa 0
     562 000012 D232          EINT      ; [] |112| 
MSP430 Assembler PC v21.6.1 Sat May  6 13:41:58 2023

Copyright (c) 2003-2018 Texas Instruments Incorporated
main.asm                                                             PAGE   12

     563            ;* --------------------------------------------------------------------------*
     564            ;*   BEGIN LOOP $C$L3
     565            ;*
     566            ;*   Loop source line                : 115
     567            ;*   Loop closing brace source line  : 118
     568            ;*   Known Minimum Trip Count        : 1
     569            ;*   Known Maximum Trip Count        : 4294967295
     570            ;*   Known Max Trip Count Factor     : 1
     571            ;* --------------------------------------------------------------------------*
     572 000014       $C$L3:    
     573                    .dwpsn  file "../main.c",line 117,column 9,is_stmt,isa 0
     574 000014 421C          MOV.W     &g_led_status+0,r12   ; [] |117| 
         000016 0000!
     575            $C$DW$33        .dwtag  DW_TAG_TI_branch
     576                    .dwattr $C$DW$33, DW_AT_low_pc(0x00)
     577                    .dwattr $C$DW$33, DW_AT_name("update_leds")
     578                    .dwattr $C$DW$33, DW_AT_TI_call
     579            
     580 000018 12B0          CALL      #update_leds          ; [] |117| 
         00001a 0000!
     581                                                      ; [] |117| 
     582                    .dwpsn  file "../main.c",line 118,column 5,is_stmt,isa 0
     583 00001c 3FFB          JMP       $C$L3                 ; [] |118| 
     584                                                      ; [] |118| 
     585            ;* --------------------------------------------------------------------------*
     586                    .dwattr $C$DW$29, DW_AT_TI_end_file("../main.c")
     587                    .dwattr $C$DW$29, DW_AT_TI_end_line(0x7a)
     588                    .dwattr $C$DW$29, DW_AT_TI_end_column(0x01)
     589                    .dwendentry
     590                    .dwendtag $C$DW$29
     591            
     592 000000               .sect   ".text:isr_counter"
     593                    .clink
     594                    .global isr_counter
     595            
     596            $C$DW$34        .dwtag  DW_TAG_subprogram
     597                    .dwattr $C$DW$34, DW_AT_name("isr_counter")
     598                    .dwattr $C$DW$34, DW_AT_low_pc(isr_counter)
     599                    .dwattr $C$DW$34, DW_AT_high_pc(0x00)
     600                    .dwattr $C$DW$34, DW_AT_TI_symbol_name("isr_counter")
     601                    .dwattr $C$DW$34, DW_AT_external
     602                    .dwattr $C$DW$34, DW_AT_TI_begin_file("../main.c")
     603                    .dwattr $C$DW$34, DW_AT_TI_begin_line(0x5b)
     604                    .dwattr $C$DW$34, DW_AT_TI_begin_column(0x12)
     605                    .dwattr $C$DW$34, DW_AT_decl_file("../main.c")
     606                    .dwattr $C$DW$34, DW_AT_decl_line(0x5b)
     607                    .dwattr $C$DW$34, DW_AT_decl_column(0x12)
     608                    .dwattr $C$DW$34, DW_AT_TI_interrupt
     609                    .dwattr $C$DW$34, DW_AT_TI_max_frame_size(0x02)
     610                    .dwpsn  file "../main.c",line 92,column 1,is_stmt,address isr_counter,isa 0
     611            
     612                    .dwfde $C$DW$CIE, isr_counter
     613            
     614            ;*****************************************************************************
     615            ;* FUNCTION NAME: isr_counter                                                *
MSP430 Assembler PC v21.6.1 Sat May  6 13:41:58 2023

Copyright (c) 2003-2018 Texas Instruments Incorporated
main.asm                                                             PAGE   13

     616            ;*                                                                           *
     617            ;*   Regs Modified     : SP,SR                                               *
     618            ;*   Regs Used         : SP,SR                                               *
     619            ;*   Local Frame Size  : 0 Args + 0 Auto + 0 Save = 0 byte                   *
     620            ;*****************************************************************************
     621 000000       isr_counter:
     622            ;* --------------------------------------------------------------------------*
     623                    .dwcfi  cfa_offset, 2
     624                    .dwcfi  save_reg_to_mem, 16, -2
     625                    .dwpsn  file "../main.c",line 93,column 5,is_stmt,isa 0
     626 000000 E3D2          XOR.B     #1,&count_up+0        ; [] |93| 
         000002 0000!
     627                    .dwpsn  file "../main.c",line 95,column 5,is_stmt,isa 0
     628 000004 F0F2          AND.B     #223,&P1IFG+0         ; [] |95| 
         000006 00DF 
         000008 0000!
     629                    .dwpsn  file "../main.c",line 96,column 1,is_stmt,isa 0
     630            $C$DW$35        .dwtag  DW_TAG_TI_branch
     631                    .dwattr $C$DW$35, DW_AT_low_pc(0x00)
     632                    .dwattr $C$DW$35, DW_AT_TI_return
     633            
     634 00000a 1300          RETI      ; [] 
     635                    ; [] 
     636                    .dwattr $C$DW$34, DW_AT_TI_end_file("../main.c")
     637                    .dwattr $C$DW$34, DW_AT_TI_end_line(0x60)
     638                    .dwattr $C$DW$34, DW_AT_TI_end_column(0x01)
     639                    .dwendentry
     640                    .dwendtag $C$DW$34
     641            
     642            ;*****************************************************************************
     643            ;* UNDEFINED EXTERNAL REFERENCES                                             *
     644            ;*****************************************************************************
     645                    .global DCOCTL
     646                    .global BCSCTL1
     647                    .global P1OUT
     648                    .global P1DIR
     649                    .global P1IFG
     650                    .global P1IES
     651                    .global P1IE
     652                    .global P1REN
     653                    .global TA0CTL
     654                    .global TA0CCR0
     655                    .global WDTCTL
     656                    .global CALDCO_1MHZ
     657                    .global CALBC1_1MHZ
     658            
     659            ;******************************************************************************
     660            ;* BUILD ATTRIBUTES                                                           *
     661            ;******************************************************************************
     662                    .battr "TI", Tag_File, 1, Tag_LPM_INFO(1)
     663                    .battr "TI", Tag_File, 1, Tag_PORTS_INIT_INFO("012345678901ABCDEFGHIJ0111000000000000000000010
     664                    .battr "TI", Tag_File, 1, Tag_LEA_INFO(1)
     665                    .battr "TI", Tag_File, 1, Tag_HW_MPY32_INFO(1)
     666                    .battr "TI", Tag_File, 1, Tag_HW_MPY_ISR_INFO(1)
     667                    .battr "TI", Tag_File, 1, Tag_HW_MPY_INLINE_INFO(1)
MSP430 Assembler PC v21.6.1 Sat May  6 13:41:58 2023

Copyright (c) 2003-2018 Texas Instruments Incorporated
main.asm                                                             PAGE   14

     668                    .battr "mspabi", Tag_File, 1, Tag_enum_size(3)
     669            
     670            ;******************************************************************************
     671            ;* TYPE INFORMATION                                                           *
     672            ;******************************************************************************
     673            $C$DW$T$2       .dwtag  DW_TAG_unspecified_type
     674                    .dwattr $C$DW$T$2, DW_AT_name("void")
     675            
     676            $C$DW$T$4       .dwtag  DW_TAG_base_type
     677                    .dwattr $C$DW$T$4, DW_AT_encoding(DW_ATE_boolean)
     678                    .dwattr $C$DW$T$4, DW_AT_name("bool")
     679                    .dwattr $C$DW$T$4, DW_AT_byte_size(0x01)
     680            
     681            $C$DW$T$5       .dwtag  DW_TAG_base_type
     682                    .dwattr $C$DW$T$5, DW_AT_encoding(DW_ATE_signed_char)
     683                    .dwattr $C$DW$T$5, DW_AT_name("signed char")
     684                    .dwattr $C$DW$T$5, DW_AT_byte_size(0x01)
     685            
     686            $C$DW$T$6       .dwtag  DW_TAG_base_type
     687                    .dwattr $C$DW$T$6, DW_AT_encoding(DW_ATE_unsigned_char)
     688                    .dwattr $C$DW$T$6, DW_AT_name("unsigned char")
     689                    .dwattr $C$DW$T$6, DW_AT_byte_size(0x01)
     690            
     691            $C$DW$T$25      .dwtag  DW_TAG_volatile_type
     692                    .dwattr $C$DW$T$25, DW_AT_type(*$C$DW$T$6)
     693            
     694            $C$DW$T$7       .dwtag  DW_TAG_base_type
     695                    .dwattr $C$DW$T$7, DW_AT_encoding(DW_ATE_signed_char)
     696                    .dwattr $C$DW$T$7, DW_AT_name("wchar_t")
     697                    .dwattr $C$DW$T$7, DW_AT_byte_size(0x02)
     698            
     699            $C$DW$T$8       .dwtag  DW_TAG_base_type
     700                    .dwattr $C$DW$T$8, DW_AT_encoding(DW_ATE_signed)
     701                    .dwattr $C$DW$T$8, DW_AT_name("short")
     702                    .dwattr $C$DW$T$8, DW_AT_byte_size(0x02)
     703            
     704            $C$DW$T$9       .dwtag  DW_TAG_base_type
     705                    .dwattr $C$DW$T$9, DW_AT_encoding(DW_ATE_unsigned)
     706                    .dwattr $C$DW$T$9, DW_AT_name("unsigned short")
     707                    .dwattr $C$DW$T$9, DW_AT_byte_size(0x02)
     708            
     709            $C$DW$T$10      .dwtag  DW_TAG_base_type
     710                    .dwattr $C$DW$T$10, DW_AT_encoding(DW_ATE_signed)
     711                    .dwattr $C$DW$T$10, DW_AT_name("int")
     712                    .dwattr $C$DW$T$10, DW_AT_byte_size(0x02)
     713            
     714            $C$DW$T$11      .dwtag  DW_TAG_base_type
     715                    .dwattr $C$DW$T$11, DW_AT_encoding(DW_ATE_unsigned)
     716                    .dwattr $C$DW$T$11, DW_AT_name("unsigned int")
     717                    .dwattr $C$DW$T$11, DW_AT_byte_size(0x02)
     718            
     719            $C$DW$T$27      .dwtag  DW_TAG_volatile_type
     720                    .dwattr $C$DW$T$27, DW_AT_type(*$C$DW$T$11)
     721            
     722            $C$DW$T$12      .dwtag  DW_TAG_base_type
MSP430 Assembler PC v21.6.1 Sat May  6 13:41:58 2023

Copyright (c) 2003-2018 Texas Instruments Incorporated
main.asm                                                             PAGE   15

     723                    .dwattr $C$DW$T$12, DW_AT_encoding(DW_ATE_signed)
     724                    .dwattr $C$DW$T$12, DW_AT_name("long")
     725                    .dwattr $C$DW$T$12, DW_AT_byte_size(0x04)
     726            
     727            $C$DW$T$13      .dwtag  DW_TAG_base_type
     728                    .dwattr $C$DW$T$13, DW_AT_encoding(DW_ATE_unsigned)
     729                    .dwattr $C$DW$T$13, DW_AT_name("unsigned long")
     730                    .dwattr $C$DW$T$13, DW_AT_byte_size(0x04)
     731            
     732            $C$DW$T$14      .dwtag  DW_TAG_base_type
     733                    .dwattr $C$DW$T$14, DW_AT_encoding(DW_ATE_signed)
     734                    .dwattr $C$DW$T$14, DW_AT_name("long long")
     735                    .dwattr $C$DW$T$14, DW_AT_byte_size(0x08)
     736            
     737            $C$DW$T$15      .dwtag  DW_TAG_base_type
     738                    .dwattr $C$DW$T$15, DW_AT_encoding(DW_ATE_unsigned)
     739                    .dwattr $C$DW$T$15, DW_AT_name("unsigned long long")
     740                    .dwattr $C$DW$T$15, DW_AT_byte_size(0x08)
     741            
     742            $C$DW$T$16      .dwtag  DW_TAG_base_type
     743                    .dwattr $C$DW$T$16, DW_AT_encoding(DW_ATE_float)
     744                    .dwattr $C$DW$T$16, DW_AT_name("float")
     745                    .dwattr $C$DW$T$16, DW_AT_byte_size(0x04)
     746            
     747            $C$DW$T$17      .dwtag  DW_TAG_base_type
     748                    .dwattr $C$DW$T$17, DW_AT_encoding(DW_ATE_float)
     749                    .dwattr $C$DW$T$17, DW_AT_name("double")
     750                    .dwattr $C$DW$T$17, DW_AT_byte_size(0x08)
     751            
     752            $C$DW$T$18      .dwtag  DW_TAG_base_type
     753                    .dwattr $C$DW$T$18, DW_AT_encoding(DW_ATE_float)
     754                    .dwattr $C$DW$T$18, DW_AT_name("long double")
     755                    .dwattr $C$DW$T$18, DW_AT_byte_size(0x08)
     756            
     757            $C$DW$T$28      .dwtag  DW_TAG_base_type
     758                    .dwattr $C$DW$T$28, DW_AT_encoding(DW_ATE_unsigned_char)
     759                    .dwattr $C$DW$T$28, DW_AT_name("unsigned char")
     760                    .dwattr $C$DW$T$28, DW_AT_byte_size(0x01)
     761            
     762            $C$DW$T$29      .dwtag  DW_TAG_volatile_type
     763                    .dwattr $C$DW$T$29, DW_AT_type(*$C$DW$T$28)
     764            
     765                    .dwattr $C$DW$CU, DW_AT_language(DW_LANG_C)
     766            
     767            ;***************************************************************
     768            ;* DWARF CIE ENTRIES                                           *
     769            ;***************************************************************
     770            
     771            $C$DW$CIE       .dwcie 16
     772                    .dwcfi  cfa_register, 1
     773                    .dwcfi  cfa_offset, 0
     774                    .dwcfi  same_value, 0
     775                    .dwcfi  same_value, 1
     776                    .dwcfi  same_value, 3
     777                    .dwcfi  same_value, 4
MSP430 Assembler PC v21.6.1 Sat May  6 13:41:58 2023

Copyright (c) 2003-2018 Texas Instruments Incorporated
main.asm                                                             PAGE   16

     778                    .dwcfi  same_value, 5
     779                    .dwcfi  same_value, 6
     780                    .dwcfi  same_value, 7
     781                    .dwcfi  same_value, 8
     782                    .dwcfi  same_value, 9
     783                    .dwcfi  same_value, 10
     784                    .dwendentry
     785            
     786            ;***************************************************************
     787            ;* DWARF REGISTER MAP                                          *
     788            ;***************************************************************
     789            
     790            $C$DW$36        .dwtag  DW_TAG_TI_assign_register
     791                    .dwattr $C$DW$36, DW_AT_name("PC")
     792                    .dwattr $C$DW$36, DW_AT_location[DW_OP_reg0]
     793            
     794            $C$DW$37        .dwtag  DW_TAG_TI_assign_register
     795                    .dwattr $C$DW$37, DW_AT_name("SP")
     796                    .dwattr $C$DW$37, DW_AT_location[DW_OP_reg1]
     797            
     798            $C$DW$38        .dwtag  DW_TAG_TI_assign_register
     799                    .dwattr $C$DW$38, DW_AT_name("SR")
     800                    .dwattr $C$DW$38, DW_AT_location[DW_OP_reg2]
     801            
     802            $C$DW$39        .dwtag  DW_TAG_TI_assign_register
     803                    .dwattr $C$DW$39, DW_AT_name("CG")
     804                    .dwattr $C$DW$39, DW_AT_location[DW_OP_reg3]
     805            
     806            $C$DW$40        .dwtag  DW_TAG_TI_assign_register
     807                    .dwattr $C$DW$40, DW_AT_name("r4")
     808                    .dwattr $C$DW$40, DW_AT_location[DW_OP_reg4]
     809            
     810            $C$DW$41        .dwtag  DW_TAG_TI_assign_register
     811                    .dwattr $C$DW$41, DW_AT_name("r5")
     812                    .dwattr $C$DW$41, DW_AT_location[DW_OP_reg5]
     813            
     814            $C$DW$42        .dwtag  DW_TAG_TI_assign_register
     815                    .dwattr $C$DW$42, DW_AT_name("r6")
     816                    .dwattr $C$DW$42, DW_AT_location[DW_OP_reg6]
     817            
     818            $C$DW$43        .dwtag  DW_TAG_TI_assign_register
     819                    .dwattr $C$DW$43, DW_AT_name("r7")
     820                    .dwattr $C$DW$43, DW_AT_location[DW_OP_reg7]
     821            
     822            $C$DW$44        .dwtag  DW_TAG_TI_assign_register
     823                    .dwattr $C$DW$44, DW_AT_name("r8")
     824                    .dwattr $C$DW$44, DW_AT_location[DW_OP_reg8]
     825            
     826            $C$DW$45        .dwtag  DW_TAG_TI_assign_register
     827                    .dwattr $C$DW$45, DW_AT_name("r9")
     828                    .dwattr $C$DW$45, DW_AT_location[DW_OP_reg9]
     829            
     830            $C$DW$46        .dwtag  DW_TAG_TI_assign_register
     831                    .dwattr $C$DW$46, DW_AT_name("r10")
     832                    .dwattr $C$DW$46, DW_AT_location[DW_OP_reg10]
MSP430 Assembler PC v21.6.1 Sat May  6 13:41:58 2023

Copyright (c) 2003-2018 Texas Instruments Incorporated
main.asm                                                             PAGE   17

     833            
     834            $C$DW$47        .dwtag  DW_TAG_TI_assign_register
     835                    .dwattr $C$DW$47, DW_AT_name("r11")
     836                    .dwattr $C$DW$47, DW_AT_location[DW_OP_reg11]
     837            
     838            $C$DW$48        .dwtag  DW_TAG_TI_assign_register
     839                    .dwattr $C$DW$48, DW_AT_name("r12")
     840                    .dwattr $C$DW$48, DW_AT_location[DW_OP_reg12]
     841            
     842            $C$DW$49        .dwtag  DW_TAG_TI_assign_register
     843                    .dwattr $C$DW$49, DW_AT_name("r13")
     844                    .dwattr $C$DW$49, DW_AT_location[DW_OP_reg13]
     845            
     846            $C$DW$50        .dwtag  DW_TAG_TI_assign_register
     847                    .dwattr $C$DW$50, DW_AT_name("r14")
     848                    .dwattr $C$DW$50, DW_AT_location[DW_OP_reg14]
     849            
     850            $C$DW$51        .dwtag  DW_TAG_TI_assign_register
     851                    .dwattr $C$DW$51, DW_AT_name("r15")
     852                    .dwattr $C$DW$51, DW_AT_location[DW_OP_reg15]
     853            
     854            $C$DW$52        .dwtag  DW_TAG_TI_assign_register
     855                    .dwattr $C$DW$52, DW_AT_name("CIE_RETA")
     856                    .dwattr $C$DW$52, DW_AT_location[DW_OP_reg16]
     857            
     858                    .dwendtag $C$DW$CU
     859            

No Assembly Errors, No Assembly Warnings
